2024-07-29 09:40:30,519: 
======================== Training details ========================
------------------------------------------------------------------
		extract_batch_size : 128
		extract_num_workers: 6
		test_batch_size    : 128
		test_num_workers   : 6
		train_num_workers  : 4
		backbone           : clip
		stride_size        : [16, 16]
		arch               : RN50
		step_size          : 20
		sampler            : sampler_by_identity
		data_enhancement   : fusion
		temp               : 0.05
		img_h              : 288
		img_w              : 144
		smooth_weight      : 0.5
		eps                : 0.6
		min_samples        : 4
		gpu                : 0
		seed               : 1
		save_epoch         : 5
		eval_step          : 3
		update_iter        : 20
		use_weight         : True
		loss_type          : cam_associate
		gnn_k1_cross       : 18
		gnn_k2_cross       : 3
		steps              : [30, 50]
		gamma              : 0.1
		warmup_factor      : 0.01
		warmup_iters       : 10
		warmup_method      : linear
		base_lr            : 0.00035
		weight_decay       : 0.0005
		weight_decay_bias  : 0.0005
		bias_lr_factor     : 2
		log_name           : test4
		dataset            : SYSU
		mode_1             : all
		test_mode_1        : [2, 1]
		mode_2             : indoor
		test_mode_2        : [2, 1]
		eval_iter          : 10
		train_batch_size   : 40
		train_num_instances: 10
		num_iter           : 300
		bg_knn             : 100
		k1                 : 30
		k2                 : 6
		base_dir           : ../save/SYSU/
		data_dir           : ../dataset/SYSU-MM01/
		extend_dir         : 144x288/
		stage              : 1
		max_epoch          : 50
		use_id_loss        : False
		resume             : False
		resume_path        : test1/checkpoints/stage1/train_0_epoch_5.pth
		logs_dir           : /logs/stage1/
		model_dir          : /checkpoints/stage1/
------------------------------------------------------------------
=============================== END ===============================
2024-07-29 09:40:31,505: Resized position embedding: 50x2048 to 163x2048
2024-07-29 09:40:31,505: Position embedding resize to height:18 width: 9
2024-07-29 09:40:32,443: Resized position embedding: 50x2048 to 163x2048
2024-07-29 09:40:32,443: Position embedding resize to height:18 width: 9
2024-07-29 09:40:33,358: Resized position embedding: 50x2048 to 163x2048
2024-07-29 09:40:33,359: Position embedding resize to height:18 width: 9
2024-07-29 09:40:33,411: ==> Start New Model
2024-07-29 09:40:33,602: ==> Creat DBSCAN
2024-07-29 09:40:33,603: ==> Start train stage1
2024-07-29 09:40:33,603: ######################################################
2024-07-29 09:40:33,603: Epoch[1]==> Create pseudo labels
2024-07-29 09:40:51,627: Start computing jaccard distance
2024-07-29 09:41:09,023: Jaccard distance compute end, time cost: 17.39524507522583
2024-07-29 09:41:10,585: Epoch[1]==> Create RGB cluster 910 classes, proxy 1054 kinds
2024-07-29 09:41:20,263: Start computing jaccard distance
2024-07-29 09:41:28,399: Jaccard distance compute end, time cost: 8.136257648468018
2024-07-29 09:41:28,831: Epoch[1]==> Create IR cluster 380 classes, proxy 392 kinds
2024-07-29 09:41:29,928: Epoch[1]==> Update Memory
2024-07-29 09:41:30,597: Epoch[1]==> Creat dataset
2024-07-29 09:41:30,598: 
        ============== Dataset Statistics =============
        -----------------------------------------------
               subset  | # ids | # images
          real visible |   395 |    22258
          real thermal |   395 |    11909
          
          now  visible |   910 |    15106
          now  thermal |   380 |     5044
        -----------------------------------------------
        ===============================================
            
2024-07-29 09:41:30,599: Epoch[1]==> Creat sampler
2024-07-29 09:41:30,645: Epoch[1]==> Creat dataloader
2024-07-29 09:41:30,707: Epoch[1]==> Train stage start
2024-07-29 09:43:35,620: Epoch[1]==> Train end, time cost 124.89724898338318
2024-07-29 09:43:35,701: ######################################################
2024-07-29 09:43:35,701: Epoch[2]==> Create pseudo labels
2024-07-29 09:43:53,367: Start computing jaccard distance
2024-07-29 09:44:13,735: Jaccard distance compute end, time cost: 20.36794638633728
2024-07-29 09:44:15,132: Epoch[2]==> Create RGB cluster 493 classes, proxy 562 kinds
2024-07-29 09:44:24,763: Start computing jaccard distance
2024-07-29 09:44:32,850: Jaccard distance compute end, time cost: 8.08757758140564
2024-07-29 09:44:33,244: Epoch[2]==> Create IR cluster 158 classes, proxy 166 kinds
2024-07-29 09:44:33,982: Epoch[2]==> Update Memory
2024-07-29 09:44:34,316: Epoch[2]==> Creat dataset
2024-07-29 09:44:34,317: 
        ============== Dataset Statistics =============
        -----------------------------------------------
               subset  | # ids | # images
          real visible |   395 |    22258
          real thermal |   395 |    11909
          
          now  visible |   493 |     6597
          now  thermal |   158 |     3648
        -----------------------------------------------
        ===============================================
            
2024-07-29 09:44:34,317: Epoch[2]==> Creat sampler
2024-07-29 09:44:34,369: Epoch[2]==> Creat dataloader
2024-07-29 09:44:34,455: Epoch[2]==> Train stage start
2024-07-29 09:46:41,183: Epoch[2]==> Train end, time cost 126.71064734458923
2024-07-29 09:46:41,277: ######################################################
2024-07-29 09:46:41,278: Epoch[3]==> Create pseudo labels
2024-07-29 09:46:58,682: Start computing jaccard distance
2024-07-29 09:47:17,350: Jaccard distance compute end, time cost: 18.66760754585266
2024-07-29 09:47:18,923: Epoch[3]==> Create RGB cluster 884 classes, proxy 1154 kinds
2024-07-29 09:47:28,505: Start computing jaccard distance
2024-07-29 09:47:36,670: Jaccard distance compute end, time cost: 8.1651771068573
2024-07-29 09:47:37,190: Epoch[3]==> Create IR cluster 401 classes, proxy 413 kinds
2024-07-29 09:47:38,633: Epoch[3]==> Update Memory
2024-07-29 09:47:39,519: Epoch[3]==> Creat dataset
2024-07-29 09:47:39,520: 
        ============== Dataset Statistics =============
        -----------------------------------------------
               subset  | # ids | # images
          real visible |   395 |    22258
          real thermal |   395 |    11909
          
          now  visible |   884 |    14764
          now  thermal |   401 |     7732
        -----------------------------------------------
        ===============================================
            
2024-07-29 09:47:39,521: Epoch[3]==> Creat sampler
2024-07-29 09:47:39,577: Epoch[3]==> Creat dataloader
2024-07-29 09:47:39,669: Epoch[3]==> Train stage start
2024-07-29 09:49:50,189: Epoch[3]==> Train end, time cost 130.50685787200928
2024-07-29 09:49:50,234: Epoch[3] Test start
2024-07-29 09:51:30,455: Epoch [3], save better model Rank-1: 11.19% to replace original model Rank-1: 0.00%
2024-07-29 09:51:31,404: Epoch [3] Test end, time cost 101.17060351371765
2024-07-29 09:51:31,458: ######################################################
2024-07-29 09:51:31,459: Epoch[4]==> Create pseudo labels
2024-07-29 09:51:48,893: Start computing jaccard distance
2024-07-29 09:52:08,101: Jaccard distance compute end, time cost: 19.20784091949463
2024-07-29 09:52:10,111: Epoch[4]==> Create RGB cluster 896 classes, proxy 1361 kinds
2024-07-29 09:52:20,005: Start computing jaccard distance
2024-07-29 09:52:28,038: Jaccard distance compute end, time cost: 8.033294677734375
2024-07-29 09:52:28,709: Epoch[4]==> Create IR cluster 447 classes, proxy 470 kinds
2024-07-29 09:52:30,498: Epoch[4]==> Update Memory
2024-07-29 09:52:31,277: Epoch[4]==> Creat dataset
2024-07-29 09:52:31,278: 
        ============== Dataset Statistics =============
        -----------------------------------------------
               subset  | # ids | # images
          real visible |   395 |    22258
          real thermal |   395 |    11909
          
          now  visible |   896 |    17944
          now  thermal |   447 |    10023
        -----------------------------------------------
        ===============================================
            
2024-07-29 09:52:31,279: Epoch[4]==> Creat sampler
2024-07-29 09:52:31,332: Epoch[4]==> Creat dataloader
2024-07-29 09:52:31,431: Epoch[4]==> Train stage start
2024-07-29 09:54:46,605: Epoch[4]==> Train end, time cost 135.17320132255554
2024-07-29 09:54:46,710: ######################################################
2024-07-29 09:54:46,711: Epoch[5]==> Create pseudo labels
2024-07-29 09:55:04,119: Start computing jaccard distance
2024-07-29 09:55:21,871: Jaccard distance compute end, time cost: 17.751990795135498
2024-07-29 09:55:24,130: Epoch[5]==> Create RGB cluster 851 classes, proxy 1490 kinds
2024-07-29 09:55:33,952: Start computing jaccard distance
2024-07-29 09:55:42,384: Jaccard distance compute end, time cost: 8.431864023208618
2024-07-29 09:55:43,200: Epoch[5]==> Create IR cluster 482 classes, proxy 539 kinds
2024-07-29 09:55:45,674: Epoch[5]==> Update Memory
2024-07-29 09:55:46,809: Epoch[5]==> Creat dataset
2024-07-29 09:55:46,810: 
        ============== Dataset Statistics =============
        -----------------------------------------------
               subset  | # ids | # images
          real visible |   395 |    22258
          real thermal |   395 |    11909
          
          now  visible |   851 |    19257
          now  thermal |   482 |    10787
        -----------------------------------------------
        ===============================================
            
2024-07-29 09:55:46,811: Epoch[5]==> Creat sampler
2024-07-29 09:55:46,872: Epoch[5]==> Creat dataloader
2024-07-29 09:55:46,982: Epoch[5]==> Train stage start
2024-07-29 09:58:11,408: Epoch[5]==> Train end, time cost 144.42485094070435
2024-07-29 09:58:11,463: Epoch [5], save model for record
2024-07-29 09:58:12,465: ######################################################
2024-07-29 09:58:12,466: Epoch[6]==> Create pseudo labels
2024-07-29 09:58:30,435: Start computing jaccard distance
2024-07-29 09:58:48,028: Jaccard distance compute end, time cost: 17.59326672554016
2024-07-29 09:58:49,984: Epoch[6]==> Create RGB cluster 793 classes, proxy 1509 kinds
2024-07-29 09:58:59,664: Start computing jaccard distance
2024-07-29 09:59:07,007: Jaccard distance compute end, time cost: 7.342910528182983
2024-07-29 09:59:07,671: Epoch[6]==> Create IR cluster 460 classes, proxy 559 kinds
2024-07-29 09:59:10,103: Epoch[6]==> Update Memory
2024-07-29 09:59:10,944: Epoch[6]==> Creat dataset
2024-07-29 09:59:10,944: 
        ============== Dataset Statistics =============
        -----------------------------------------------
               subset  | # ids | # images
          real visible |   395 |    22258
          real thermal |   395 |    11909
          
          now  visible |   793 |    20283
          now  thermal |   460 |    11217
        -----------------------------------------------
        ===============================================
            
2024-07-29 09:59:10,945: Epoch[6]==> Creat sampler
2024-07-29 09:59:11,001: Epoch[6]==> Creat dataloader
2024-07-29 09:59:11,111: Epoch[6]==> Train stage start
2024-07-29 10:01:36,460: Epoch[6]==> Train end, time cost 145.34807133674622
2024-07-29 10:01:36,518: Epoch[6] Test start
2024-07-29 10:03:17,014: Epoch [6], save better model Rank-1: 24.56% to replace original model Rank-1: 11.19%
2024-07-29 10:03:17,977: Epoch [6] Test end, time cost 101.45887041091919
2024-07-29 10:03:18,028: ######################################################
2024-07-29 10:03:18,029: Epoch[7]==> Create pseudo labels
2024-07-29 10:03:35,477: Start computing jaccard distance
2024-07-29 10:03:53,200: Jaccard distance compute end, time cost: 17.722898721694946
2024-07-29 10:03:55,046: Epoch[7]==> Create RGB cluster 766 classes, proxy 1504 kinds
2024-07-29 10:04:04,747: Start computing jaccard distance
2024-07-29 10:04:12,194: Jaccard distance compute end, time cost: 7.447503089904785
2024-07-29 10:04:12,771: Epoch[7]==> Create IR cluster 433 classes, proxy 558 kinds
2024-07-29 10:04:14,438: Epoch[7]==> Update Memory
2024-07-29 10:04:15,311: Epoch[7]==> Creat dataset
2024-07-29 10:04:15,312: 
        ============== Dataset Statistics =============
        -----------------------------------------------
               subset  | # ids | # images
          real visible |   395 |    22258
          real thermal |   395 |    11909
          
          now  visible |   766 |    20676
          now  thermal |   433 |    11359
        -----------------------------------------------
        ===============================================
            
2024-07-29 10:04:15,313: Epoch[7]==> Creat sampler
2024-07-29 10:04:15,371: Epoch[7]==> Creat dataloader
2024-07-29 10:04:15,476: Epoch[7]==> Train stage start
2024-07-29 10:06:43,149: Epoch[7]==> Train end, time cost 147.6728515625
2024-07-29 10:06:43,260: ######################################################
2024-07-29 10:06:43,260: Epoch[8]==> Create pseudo labels
2024-07-29 10:07:00,673: Start computing jaccard distance
2024-07-29 10:07:16,697: Jaccard distance compute end, time cost: 16.024771451950073
2024-07-29 10:07:18,853: Epoch[8]==> Create RGB cluster 779 classes, proxy 1541 kinds
2024-07-29 10:07:28,489: Start computing jaccard distance
2024-07-29 10:07:35,760: Jaccard distance compute end, time cost: 7.270824670791626
2024-07-29 10:07:36,335: Epoch[8]==> Create IR cluster 411 classes, proxy 565 kinds
2024-07-29 10:07:38,610: Epoch[8]==> Update Memory
2024-07-29 10:07:39,715: Epoch[8]==> Creat dataset
2024-07-29 10:07:39,716: 
        ============== Dataset Statistics =============
        -----------------------------------------------
               subset  | # ids | # images
          real visible |   395 |    22258
          real thermal |   395 |    11909
          
          now  visible |   779 |    20761
          now  thermal |   411 |    11525
        -----------------------------------------------
        ===============================================
            
2024-07-29 10:07:39,716: Epoch[8]==> Creat sampler
2024-07-29 10:07:39,779: Epoch[8]==> Creat dataloader
2024-07-29 10:07:39,893: Epoch[8]==> Train stage start
2024-07-29 10:10:12,720: Epoch[8]==> Train end, time cost 152.82625937461853
2024-07-29 10:10:12,829: ######################################################
2024-07-29 10:10:12,829: Epoch[9]==> Create pseudo labels
2024-07-29 10:10:30,383: Start computing jaccard distance
2024-07-29 10:10:46,760: Jaccard distance compute end, time cost: 16.377077341079712
2024-07-29 10:10:48,732: Epoch[9]==> Create RGB cluster 713 classes, proxy 1472 kinds
2024-07-29 10:10:58,404: Start computing jaccard distance
2024-07-29 10:11:05,622: Jaccard distance compute end, time cost: 7.217942953109741
2024-07-29 10:11:06,197: Epoch[9]==> Create IR cluster 393 classes, proxy 548 kinds
2024-07-29 10:11:08,294: Epoch[9]==> Update Memory
2024-07-29 10:11:09,158: Epoch[9]==> Creat dataset
2024-07-29 10:11:09,159: 
        ============== Dataset Statistics =============
        -----------------------------------------------
               subset  | # ids | # images
          real visible |   395 |    22258
          real thermal |   395 |    11909
          
          now  visible |   713 |    20821
          now  thermal |   393 |    11565
        -----------------------------------------------
        ===============================================
            
2024-07-29 10:11:09,160: Epoch[9]==> Creat sampler
2024-07-29 10:11:09,220: Epoch[9]==> Creat dataloader
2024-07-29 10:11:09,324: Epoch[9]==> Train stage start
2024-07-29 10:13:40,136: Epoch[9]==> Train end, time cost 150.81079649925232
2024-07-29 10:13:40,192: Epoch[9] Test start
2024-07-29 10:15:19,848: Epoch [9], save better model Rank-1: 29.69% to replace original model Rank-1: 24.56%
2024-07-29 10:15:20,836: Epoch [9] Test end, time cost 100.64421963691711
2024-07-29 10:15:20,887: ######################################################
2024-07-29 10:15:20,888: Epoch[10]==> Create pseudo labels
2024-07-29 10:15:38,400: Start computing jaccard distance
2024-07-29 10:15:54,120: Jaccard distance compute end, time cost: 15.719680547714233
2024-07-29 10:15:56,076: Epoch[10]==> Create RGB cluster 751 classes, proxy 1501 kinds
2024-07-29 10:16:05,905: Start computing jaccard distance
2024-07-29 10:16:13,080: Jaccard distance compute end, time cost: 7.175209045410156
2024-07-29 10:16:13,657: Epoch[10]==> Create IR cluster 407 classes, proxy 575 kinds
2024-07-29 10:16:15,383: Epoch[10]==> Update Memory
2024-07-29 10:16:16,262: Epoch[10]==> Creat dataset
2024-07-29 10:16:16,263: 
        ============== Dataset Statistics =============
        -----------------------------------------------
               subset  | # ids | # images
          real visible |   395 |    22258
          real thermal |   395 |    11909
          
          now  visible |   751 |    20938
          now  thermal |   407 |    11614
        -----------------------------------------------
        ===============================================
            
2024-07-29 10:16:16,264: Epoch[10]==> Creat sampler
2024-07-29 10:16:16,321: Epoch[10]==> Creat dataloader
2024-07-29 10:16:16,427: Epoch[10]==> Train stage start
2024-07-29 10:18:46,132: Epoch[10]==> Train end, time cost 149.70385336875916
2024-07-29 10:18:46,195: Epoch [10], save model for record
2024-07-29 10:18:47,121: ######################################################
2024-07-29 10:18:47,122: Epoch[11]==> Create pseudo labels
2024-07-29 10:19:04,578: Start computing jaccard distance
2024-07-29 10:19:21,037: Jaccard distance compute end, time cost: 16.45935297012329
2024-07-29 10:19:23,213: Epoch[11]==> Create RGB cluster 768 classes, proxy 1498 kinds
2024-07-29 10:19:33,207: Start computing jaccard distance
2024-07-29 10:19:40,697: Jaccard distance compute end, time cost: 7.4893786907196045
2024-07-29 10:19:41,348: Epoch[11]==> Create IR cluster 384 classes, proxy 547 kinds
2024-07-29 10:19:43,559: Epoch[11]==> Update Memory
2024-07-29 10:19:44,441: Epoch[11]==> Creat dataset
2024-07-29 10:19:44,442: 
        ============== Dataset Statistics =============
        -----------------------------------------------
               subset  | # ids | # images
          real visible |   395 |    22258
          real thermal |   395 |    11909
          
          now  visible |   768 |    20877
          now  thermal |   384 |    11685
        -----------------------------------------------
        ===============================================
            
2024-07-29 10:19:44,443: Epoch[11]==> Creat sampler
2024-07-29 10:19:44,500: Epoch[11]==> Creat dataloader
2024-07-29 10:19:44,614: Epoch[11]==> Train stage start
2024-07-29 10:22:18,695: Epoch[11]==> Train end, time cost 154.08010530471802
2024-07-29 10:22:18,807: ######################################################
2024-07-29 10:22:18,808: Epoch[12]==> Create pseudo labels
2024-07-29 10:22:36,920: Start computing jaccard distance
2024-07-29 10:22:53,095: Jaccard distance compute end, time cost: 16.174684047698975
2024-07-29 10:22:55,024: Epoch[12]==> Create RGB cluster 733 classes, proxy 1429 kinds
2024-07-29 10:23:04,950: Start computing jaccard distance
2024-07-29 10:23:12,048: Jaccard distance compute end, time cost: 7.097991466522217
2024-07-29 10:23:12,657: Epoch[12]==> Create IR cluster 366 classes, proxy 521 kinds
2024-07-29 10:23:15,139: Epoch[12]==> Update Memory
2024-07-29 10:23:15,936: Epoch[12]==> Creat dataset
2024-07-29 10:23:15,937: 
        ============== Dataset Statistics =============
        -----------------------------------------------
               subset  | # ids | # images
          real visible |   395 |    22258
          real thermal |   395 |    11909
          
          now  visible |   733 |    21062
          now  thermal |   366 |    11700
        -----------------------------------------------
        ===============================================
            
2024-07-29 10:23:15,937: Epoch[12]==> Creat sampler
2024-07-29 10:23:15,997: Epoch[12]==> Creat dataloader
2024-07-29 10:23:16,112: Epoch[12]==> Train stage start
2024-07-29 10:25:45,532: Epoch[12]==> Train end, time cost 149.41940593719482
2024-07-29 10:25:45,590: Epoch[12] Test start
2024-07-29 10:27:27,296: Epoch [12], save better model Rank-1: 34.64% to replace original model Rank-1: 29.69%
2024-07-29 10:27:28,283: Epoch [12] Test end, time cost 102.69257497787476
2024-07-29 10:27:28,334: ######################################################
2024-07-29 10:27:28,335: Epoch[13]==> Create pseudo labels
2024-07-29 10:27:45,561: Start computing jaccard distance
2024-07-29 10:28:01,769: Jaccard distance compute end, time cost: 16.20864725112915
2024-07-29 10:28:03,611: Epoch[13]==> Create RGB cluster 791 classes, proxy 1486 kinds
2024-07-29 10:28:13,413: Start computing jaccard distance
2024-07-29 10:28:20,487: Jaccard distance compute end, time cost: 7.073915243148804
2024-07-29 10:28:21,060: Epoch[13]==> Create IR cluster 375 classes, proxy 530 kinds
2024-07-29 10:28:22,555: Epoch[13]==> Update Memory
2024-07-29 10:28:23,411: Epoch[13]==> Creat dataset
2024-07-29 10:28:23,412: 
        ============== Dataset Statistics =============
        -----------------------------------------------
               subset  | # ids | # images
          real visible |   395 |    22258
          real thermal |   395 |    11909
          
          now  visible |   791 |    20917
          now  thermal |   375 |    11741
        -----------------------------------------------
        ===============================================
            
2024-07-29 10:28:23,413: Epoch[13]==> Creat sampler
2024-07-29 10:28:23,469: Epoch[13]==> Creat dataloader
2024-07-29 10:28:23,578: Epoch[13]==> Train stage start
2024-07-29 10:30:52,540: Epoch[13]==> Train end, time cost 148.9609570503235
2024-07-29 10:30:52,840: ######################################################
2024-07-29 10:30:52,840: Epoch[14]==> Create pseudo labels
2024-07-29 10:31:10,530: Start computing jaccard distance
2024-07-29 10:31:26,794: Jaccard distance compute end, time cost: 16.264567613601685
2024-07-29 10:31:28,642: Epoch[14]==> Create RGB cluster 763 classes, proxy 1487 kinds
2024-07-29 10:31:38,363: Start computing jaccard distance
2024-07-29 10:31:45,528: Jaccard distance compute end, time cost: 7.165722370147705
2024-07-29 10:31:46,212: Epoch[14]==> Create IR cluster 385 classes, proxy 548 kinds
2024-07-29 10:31:47,872: Epoch[14]==> Update Memory
2024-07-29 10:31:48,799: Epoch[14]==> Creat dataset
2024-07-29 10:31:48,800: 
        ============== Dataset Statistics =============
        -----------------------------------------------
               subset  | # ids | # images
          real visible |   395 |    22258
          real thermal |   395 |    11909
          
          now  visible |   763 |    21098
          now  thermal |   385 |    11753
        -----------------------------------------------
        ===============================================
            
2024-07-29 10:31:48,800: Epoch[14]==> Creat sampler
2024-07-29 10:31:48,857: Epoch[14]==> Creat dataloader
2024-07-29 10:31:48,972: Epoch[14]==> Train stage start
2024-07-29 10:34:20,574: Epoch[14]==> Train end, time cost 151.59174251556396
2024-07-29 10:34:20,689: ######################################################
2024-07-29 10:34:20,690: Epoch[15]==> Create pseudo labels
2024-07-29 10:34:38,443: Start computing jaccard distance
2024-07-29 10:34:55,551: Jaccard distance compute end, time cost: 17.107783317565918
2024-07-29 10:34:57,758: Epoch[15]==> Create RGB cluster 753 classes, proxy 1477 kinds
2024-07-29 10:35:07,682: Start computing jaccard distance
2024-07-29 10:35:14,786: Jaccard distance compute end, time cost: 7.103798866271973
2024-07-29 10:35:15,383: Epoch[15]==> Create IR cluster 393 classes, proxy 555 kinds
2024-07-29 10:35:17,569: Epoch[15]==> Update Memory
2024-07-29 10:35:18,483: Epoch[15]==> Creat dataset
2024-07-29 10:35:18,484: 
        ============== Dataset Statistics =============
        -----------------------------------------------
               subset  | # ids | # images
          real visible |   395 |    22258
          real thermal |   395 |    11909
          
          now  visible |   753 |    21268
          now  thermal |   393 |    11743
        -----------------------------------------------
        ===============================================
            
2024-07-29 10:35:18,485: Epoch[15]==> Creat sampler
2024-07-29 10:35:18,597: Epoch[15]==> Creat dataloader
2024-07-29 10:35:18,705: Epoch[15]==> Train stage start
2024-07-29 10:37:48,875: Epoch[15]==> Train end, time cost 150.16897559165955
2024-07-29 10:37:48,935: Epoch [15], save model for record
2024-07-29 10:37:49,861: Epoch[15] Test start
2024-07-29 10:39:27,907: Epoch [15], save better model Rank-1: 35.40% to replace original model Rank-1: 34.64%
2024-07-29 10:39:28,857: Epoch [15] Test end, time cost 98.99589395523071
2024-07-29 10:39:28,908: ######################################################
2024-07-29 10:39:28,909: Epoch[16]==> Create pseudo labels
2024-07-29 10:39:46,284: Start computing jaccard distance
2024-07-29 10:40:01,989: Jaccard distance compute end, time cost: 15.704859972000122
2024-07-29 10:40:04,562: Epoch[16]==> Create RGB cluster 750 classes, proxy 1548 kinds
2024-07-29 10:40:14,573: Start computing jaccard distance
2024-07-29 10:40:21,638: Jaccard distance compute end, time cost: 7.065029621124268
2024-07-29 10:40:22,273: Epoch[16]==> Create IR cluster 395 classes, proxy 562 kinds
2024-07-29 10:40:24,643: Epoch[16]==> Update Memory
2024-07-29 10:40:25,505: Epoch[16]==> Creat dataset
2024-07-29 10:40:25,506: 
        ============== Dataset Statistics =============
        -----------------------------------------------
               subset  | # ids | # images
          real visible |   395 |    22258
          real thermal |   395 |    11909
          
          now  visible |   750 |    21205
          now  thermal |   395 |    11749
        -----------------------------------------------
        ===============================================
            
2024-07-29 10:40:25,507: Epoch[16]==> Creat sampler
2024-07-29 10:40:25,562: Epoch[16]==> Creat dataloader
2024-07-29 10:40:25,685: Epoch[16]==> Train stage start
2024-07-29 10:42:55,859: Epoch[16]==> Train end, time cost 150.05613136291504
2024-07-29 10:42:56,296: ######################################################
2024-07-29 10:42:56,296: Epoch[17]==> Create pseudo labels
2024-07-29 10:43:14,079: Start computing jaccard distance
2024-07-29 10:43:30,829: Jaccard distance compute end, time cost: 16.74937868118286
2024-07-29 10:43:32,679: Epoch[17]==> Create RGB cluster 752 classes, proxy 1489 kinds
2024-07-29 10:43:42,377: Start computing jaccard distance
2024-07-29 10:43:49,408: Jaccard distance compute end, time cost: 7.031793594360352
2024-07-29 10:43:50,051: Epoch[17]==> Create IR cluster 381 classes, proxy 551 kinds
2024-07-29 10:43:52,891: Epoch[17]==> Update Memory
2024-07-29 10:43:53,849: Epoch[17]==> Creat dataset
2024-07-29 10:43:53,849: 
        ============== Dataset Statistics =============
        -----------------------------------------------
               subset  | # ids | # images
          real visible |   395 |    22258
          real thermal |   395 |    11909
          
          now  visible |   752 |    21317
          now  thermal |   381 |    11775
        -----------------------------------------------
        ===============================================
            
2024-07-29 10:43:53,850: Epoch[17]==> Creat sampler
2024-07-29 10:43:53,908: Epoch[17]==> Creat dataloader
2024-07-29 10:43:54,025: Epoch[17]==> Train stage start
2024-07-29 10:46:26,186: Epoch[17]==> Train end, time cost 152.14364218711853
2024-07-29 10:46:26,300: ######################################################
2024-07-29 10:46:26,300: Epoch[18]==> Create pseudo labels
2024-07-29 10:46:43,841: Start computing jaccard distance
2024-07-29 10:47:00,333: Jaccard distance compute end, time cost: 16.491807222366333
2024-07-29 10:47:02,121: Epoch[18]==> Create RGB cluster 743 classes, proxy 1486 kinds
2024-07-29 10:47:11,838: Start computing jaccard distance
2024-07-29 10:47:18,832: Jaccard distance compute end, time cost: 6.993978023529053
2024-07-29 10:47:19,417: Epoch[18]==> Create IR cluster 380 classes, proxy 544 kinds
2024-07-29 10:47:22,475: Epoch[18]==> Update Memory
2024-07-29 10:47:23,353: Epoch[18]==> Creat dataset
2024-07-29 10:47:23,354: 
        ============== Dataset Statistics =============
        -----------------------------------------------
               subset  | # ids | # images
          real visible |   395 |    22258
          real thermal |   395 |    11909
          
          now  visible |   743 |    21251
          now  thermal |   380 |    11807
        -----------------------------------------------
        ===============================================
            
2024-07-29 10:47:23,354: Epoch[18]==> Creat sampler
2024-07-29 10:47:23,411: Epoch[18]==> Creat dataloader
2024-07-29 10:47:23,521: Epoch[18]==> Train stage start
2024-07-29 10:49:56,617: Epoch[18]==> Train end, time cost 153.09394598007202
2024-07-29 10:49:56,681: Epoch[18] Test start
2024-07-29 10:51:34,646: Epoch [18] Test end, time cost 97.96419334411621
2024-07-29 10:51:34,697: ######################################################
2024-07-29 10:51:34,698: Epoch[19]==> Create pseudo labels
2024-07-29 10:51:51,850: Start computing jaccard distance
2024-07-29 10:52:09,678: Jaccard distance compute end, time cost: 17.82792854309082
2024-07-29 10:52:12,290: Epoch[19]==> Create RGB cluster 752 classes, proxy 1472 kinds
2024-07-29 10:52:22,126: Start computing jaccard distance
2024-07-29 10:52:29,280: Jaccard distance compute end, time cost: 7.154739141464233
2024-07-29 10:52:29,909: Epoch[19]==> Create IR cluster 369 classes, proxy 533 kinds
2024-07-29 10:52:31,849: Epoch[19]==> Update Memory
2024-07-29 10:52:32,743: Epoch[19]==> Creat dataset
2024-07-29 10:52:32,744: 
        ============== Dataset Statistics =============
        -----------------------------------------------
               subset  | # ids | # images
          real visible |   395 |    22258
          real thermal |   395 |    11909
          
          now  visible |   752 |    21376
          now  thermal |   369 |    11788
        -----------------------------------------------
        ===============================================
            
2024-07-29 10:52:32,744: Epoch[19]==> Creat sampler
2024-07-29 10:52:32,800: Epoch[19]==> Creat dataloader
2024-07-29 10:52:32,911: Epoch[19]==> Train stage start
2024-07-29 10:55:01,370: Epoch[19]==> Train end, time cost 148.4580888748169
2024-07-29 10:55:01,671: ######################################################
2024-07-29 10:55:01,671: Epoch[20]==> Create pseudo labels
2024-07-29 10:55:19,249: Start computing jaccard distance
2024-07-29 10:55:36,316: Jaccard distance compute end, time cost: 17.067551612854004
2024-07-29 10:55:38,330: Epoch[20]==> Create RGB cluster 746 classes, proxy 1507 kinds
2024-07-29 10:55:48,064: Start computing jaccard distance
2024-07-29 10:55:55,318: Jaccard distance compute end, time cost: 7.25333309173584
2024-07-29 10:55:55,938: Epoch[20]==> Create IR cluster 361 classes, proxy 518 kinds
2024-07-29 10:55:59,331: Epoch[20]==> Update Memory
2024-07-29 10:56:00,291: Epoch[20]==> Creat dataset
2024-07-29 10:56:00,291: 
        ============== Dataset Statistics =============
        -----------------------------------------------
               subset  | # ids | # images
          real visible |   395 |    22258
          real thermal |   395 |    11909
          
          now  visible |   746 |    21158
          now  thermal |   361 |    11804
        -----------------------------------------------
        ===============================================
            
2024-07-29 10:56:00,292: Epoch[20]==> Creat sampler
2024-07-29 10:56:00,351: Epoch[20]==> Creat dataloader
2024-07-29 10:56:00,473: Epoch[20]==> Train stage start
2024-07-29 10:58:30,435: Epoch[20]==> Train end, time cost 149.9425756931305
2024-07-29 10:58:30,687: Epoch [20], save model for record
2024-07-29 10:58:31,693: ######################################################
2024-07-29 10:58:31,694: Epoch[21]==> Create pseudo labels
2024-07-29 10:58:49,362: Start computing jaccard distance
2024-07-29 10:59:05,331: Jaccard distance compute end, time cost: 15.968932151794434
2024-07-29 10:59:07,320: Epoch[21]==> Create RGB cluster 720 classes, proxy 1462 kinds
2024-07-29 10:59:16,982: Start computing jaccard distance
2024-07-29 10:59:24,002: Jaccard distance compute end, time cost: 7.019224643707275
2024-07-29 10:59:24,582: Epoch[21]==> Create IR cluster 378 classes, proxy 542 kinds
2024-07-29 10:59:27,063: Epoch[21]==> Update Memory
2024-07-29 10:59:27,984: Epoch[21]==> Creat dataset
2024-07-29 10:59:27,985: 
        ============== Dataset Statistics =============
        -----------------------------------------------
               subset  | # ids | # images
          real visible |   395 |    22258
          real thermal |   395 |    11909
          
          now  visible |   720 |    21408
          now  thermal |   378 |    11808
        -----------------------------------------------
        ===============================================
            
2024-07-29 10:59:27,986: Epoch[21]==> Creat sampler
2024-07-29 10:59:28,041: Epoch[21]==> Creat dataloader
2024-07-29 10:59:28,148: Epoch[21]==> Train stage start
2024-07-29 11:02:02,682: Epoch[21]==> Train end, time cost 154.5327970981598
2024-07-29 11:02:02,745: Epoch[21] Test start
2024-07-29 11:03:42,186: Epoch [21], save better model Rank-1: 37.10% to replace original model Rank-1: 35.40%
2024-07-29 11:03:43,132: Epoch [21] Test end, time cost 100.38751578330994
2024-07-29 11:03:43,186: ######################################################
2024-07-29 11:03:43,187: Epoch[22]==> Create pseudo labels
2024-07-29 11:04:00,606: Start computing jaccard distance
2024-07-29 11:04:16,328: Jaccard distance compute end, time cost: 15.721085548400879
2024-07-29 11:04:18,462: Epoch[22]==> Create RGB cluster 777 classes, proxy 1553 kinds
2024-07-29 11:04:28,053: Start computing jaccard distance
2024-07-29 11:04:35,190: Jaccard distance compute end, time cost: 7.1375017166137695
2024-07-29 11:04:35,821: Epoch[22]==> Create IR cluster 373 classes, proxy 534 kinds
2024-07-29 11:04:38,028: Epoch[22]==> Update Memory
2024-07-29 11:04:38,892: Epoch[22]==> Creat dataset
2024-07-29 11:04:38,893: 
        ============== Dataset Statistics =============
        -----------------------------------------------
               subset  | # ids | # images
          real visible |   395 |    22258
          real thermal |   395 |    11909
          
          now  visible |   777 |    21393
          now  thermal |   373 |    11805
        -----------------------------------------------
        ===============================================
            
2024-07-29 11:04:38,894: Epoch[22]==> Creat sampler
2024-07-29 11:04:38,950: Epoch[22]==> Creat dataloader
2024-07-29 11:04:39,062: Epoch[22]==> Train stage start
2024-07-29 11:07:11,676: Epoch[22]==> Train end, time cost 152.6137776374817
2024-07-29 11:07:11,791: ######################################################
2024-07-29 11:07:11,791: Epoch[23]==> Create pseudo labels
2024-07-29 11:07:29,184: Start computing jaccard distance
2024-07-29 11:07:44,698: Jaccard distance compute end, time cost: 15.51394510269165
2024-07-29 11:07:46,933: Epoch[23]==> Create RGB cluster 744 classes, proxy 1530 kinds
2024-07-29 11:07:56,793: Start computing jaccard distance
2024-07-29 11:08:03,784: Jaccard distance compute end, time cost: 6.990698575973511
2024-07-29 11:08:04,389: Epoch[23]==> Create IR cluster 374 classes, proxy 542 kinds
2024-07-29 11:08:07,421: Epoch[23]==> Update Memory
2024-07-29 11:08:08,527: Epoch[23]==> Creat dataset
2024-07-29 11:08:08,528: 
        ============== Dataset Statistics =============
        -----------------------------------------------
               subset  | # ids | # images
          real visible |   395 |    22258
          real thermal |   395 |    11909
          
          now  visible |   744 |    21393
          now  thermal |   374 |    11793
        -----------------------------------------------
        ===============================================
            
2024-07-29 11:08:08,528: Epoch[23]==> Creat sampler
2024-07-29 11:08:08,585: Epoch[23]==> Creat dataloader
2024-07-29 11:08:08,698: Epoch[23]==> Train stage start
2024-07-29 11:10:39,313: Epoch[23]==> Train end, time cost 150.613849401474
2024-07-29 11:10:39,427: ######################################################
2024-07-29 11:10:39,427: Epoch[24]==> Create pseudo labels
2024-07-29 11:10:57,316: Start computing jaccard distance
2024-07-29 11:11:13,649: Jaccard distance compute end, time cost: 16.333017349243164
2024-07-29 11:11:15,573: Epoch[24]==> Create RGB cluster 754 classes, proxy 1553 kinds
2024-07-29 11:11:25,124: Start computing jaccard distance
2024-07-29 11:11:32,152: Jaccard distance compute end, time cost: 7.027248859405518
2024-07-29 11:11:32,735: Epoch[24]==> Create IR cluster 372 classes, proxy 541 kinds
2024-07-29 11:11:35,147: Epoch[24]==> Update Memory
2024-07-29 11:11:36,118: Epoch[24]==> Creat dataset
2024-07-29 11:11:36,119: 
        ============== Dataset Statistics =============
        -----------------------------------------------
               subset  | # ids | # images
          real visible |   395 |    22258
          real thermal |   395 |    11909
          
          now  visible |   754 |    21429
          now  thermal |   372 |    11825
        -----------------------------------------------
        ===============================================
            
2024-07-29 11:11:36,119: Epoch[24]==> Creat sampler
2024-07-29 11:11:36,177: Epoch[24]==> Creat dataloader
2024-07-29 11:11:36,296: Epoch[24]==> Train stage start
2024-07-29 11:14:08,931: Epoch[24]==> Train end, time cost 152.49459385871887
2024-07-29 11:14:08,997: Epoch[24] Test start
2024-07-29 11:15:47,910: Epoch [24], save better model Rank-1: 38.09% to replace original model Rank-1: 37.10%
2024-07-29 11:15:48,859: Epoch [24] Test end, time cost 99.86188888549805
2024-07-29 11:15:48,910: ######################################################
2024-07-29 11:15:48,910: Epoch[25]==> Create pseudo labels
2024-07-29 11:16:06,315: Start computing jaccard distance
2024-07-29 11:16:21,878: Jaccard distance compute end, time cost: 15.562243461608887
2024-07-29 11:16:23,968: Epoch[25]==> Create RGB cluster 740 classes, proxy 1535 kinds
2024-07-29 11:16:33,810: Start computing jaccard distance
2024-07-29 11:16:40,892: Jaccard distance compute end, time cost: 7.082456827163696
2024-07-29 11:16:41,486: Epoch[25]==> Create IR cluster 375 classes, proxy 549 kinds
2024-07-29 11:16:43,665: Epoch[25]==> Update Memory
2024-07-29 11:16:44,565: Epoch[25]==> Creat dataset
2024-07-29 11:16:44,566: 
        ============== Dataset Statistics =============
        -----------------------------------------------
               subset  | # ids | # images
          real visible |   395 |    22258
          real thermal |   395 |    11909
          
          now  visible |   740 |    21371
          now  thermal |   375 |    11821
        -----------------------------------------------
        ===============================================
            
2024-07-29 11:16:44,567: Epoch[25]==> Creat sampler
2024-07-29 11:16:44,625: Epoch[25]==> Creat dataloader
2024-07-29 11:16:44,746: Epoch[25]==> Train stage start
2024-07-29 11:19:16,620: Epoch[25]==> Train end, time cost 151.87300300598145
2024-07-29 11:19:16,682: Epoch [25], save model for record
2024-07-29 11:19:17,673: ######################################################
2024-07-29 11:19:17,673: Epoch[26]==> Create pseudo labels
2024-07-29 11:19:35,545: Start computing jaccard distance
2024-07-29 11:19:51,276: Jaccard distance compute end, time cost: 15.73076057434082
2024-07-29 11:19:53,217: Epoch[26]==> Create RGB cluster 732 classes, proxy 1549 kinds
2024-07-29 11:20:02,935: Start computing jaccard distance
2024-07-29 11:20:09,920: Jaccard distance compute end, time cost: 6.985040664672852
2024-07-29 11:20:10,527: Epoch[26]==> Create IR cluster 386 classes, proxy 562 kinds
2024-07-29 11:20:12,041: Epoch[26]==> Update Memory
2024-07-29 11:20:13,032: Epoch[26]==> Creat dataset
2024-07-29 11:20:13,033: 
        ============== Dataset Statistics =============
        -----------------------------------------------
               subset  | # ids | # images
          real visible |   395 |    22258
          real thermal |   395 |    11909
          
          now  visible |   732 |    21500
          now  thermal |   386 |    11836
        -----------------------------------------------
        ===============================================
            
2024-07-29 11:20:13,033: Epoch[26]==> Creat sampler
2024-07-29 11:20:13,088: Epoch[26]==> Creat dataloader
2024-07-29 11:20:13,203: Epoch[26]==> Train stage start
2024-07-29 11:22:44,528: Epoch[26]==> Train end, time cost 151.32420134544373
2024-07-29 11:22:44,641: ######################################################
2024-07-29 11:22:44,641: Epoch[27]==> Create pseudo labels
2024-07-29 11:23:02,271: Start computing jaccard distance
2024-07-29 11:23:18,032: Jaccard distance compute end, time cost: 15.761035203933716
2024-07-29 11:23:20,168: Epoch[27]==> Create RGB cluster 722 classes, proxy 1523 kinds
2024-07-29 11:23:30,067: Start computing jaccard distance
2024-07-29 11:23:37,172: Jaccard distance compute end, time cost: 7.104864120483398
2024-07-29 11:23:37,763: Epoch[27]==> Create IR cluster 377 classes, proxy 559 kinds
2024-07-29 11:23:39,911: Epoch[27]==> Update Memory
2024-07-29 11:23:41,031: Epoch[27]==> Creat dataset
2024-07-29 11:23:41,032: 
        ============== Dataset Statistics =============
        -----------------------------------------------
               subset  | # ids | # images
          real visible |   395 |    22258
          real thermal |   395 |    11909
          
          now  visible |   722 |    21485
          now  thermal |   377 |    11847
        -----------------------------------------------
        ===============================================
            
2024-07-29 11:23:41,033: Epoch[27]==> Creat sampler
2024-07-29 11:23:41,094: Epoch[27]==> Creat dataloader
2024-07-29 11:23:41,206: Epoch[27]==> Train stage start
2024-07-29 11:26:15,008: Epoch[27]==> Train end, time cost 153.80007696151733
2024-07-29 11:26:15,069: Epoch[27] Test start
2024-07-29 11:27:54,870: Epoch [27], save better model Rank-1: 40.99% to replace original model Rank-1: 38.09%
2024-07-29 11:27:55,848: Epoch [27] Test end, time cost 100.77903842926025
2024-07-29 11:27:55,897: ######################################################
2024-07-29 11:27:55,898: Epoch[28]==> Create pseudo labels
2024-07-29 11:28:13,065: Start computing jaccard distance
2024-07-29 11:28:28,521: Jaccard distance compute end, time cost: 15.456378936767578
2024-07-29 11:28:30,520: Epoch[28]==> Create RGB cluster 713 classes, proxy 1533 kinds
2024-07-29 11:28:40,340: Start computing jaccard distance
2024-07-29 11:28:47,468: Jaccard distance compute end, time cost: 7.128807306289673
2024-07-29 11:28:48,062: Epoch[28]==> Create IR cluster 383 classes, proxy 563 kinds
2024-07-29 11:28:49,642: Epoch[28]==> Update Memory
2024-07-29 11:28:50,529: Epoch[28]==> Creat dataset
2024-07-29 11:28:50,530: 
        ============== Dataset Statistics =============
        -----------------------------------------------
               subset  | # ids | # images
          real visible |   395 |    22258
          real thermal |   395 |    11909
          
          now  visible |   713 |    21435
          now  thermal |   383 |    11841
        -----------------------------------------------
        ===============================================
            
2024-07-29 11:28:50,531: Epoch[28]==> Creat sampler
2024-07-29 11:28:50,591: Epoch[28]==> Creat dataloader
2024-07-29 11:28:50,702: Epoch[28]==> Train stage start
2024-07-29 11:31:22,129: Epoch[28]==> Train end, time cost 151.425598859787
2024-07-29 11:31:22,242: ######################################################
2024-07-29 11:31:22,242: Epoch[29]==> Create pseudo labels
2024-07-29 11:31:40,449: Start computing jaccard distance
2024-07-29 11:31:56,065: Jaccard distance compute end, time cost: 15.615431785583496
2024-07-29 11:31:57,998: Epoch[29]==> Create RGB cluster 728 classes, proxy 1509 kinds
2024-07-29 11:32:07,488: Start computing jaccard distance
2024-07-29 11:32:14,677: Jaccard distance compute end, time cost: 7.189014673233032
2024-07-29 11:32:15,276: Epoch[29]==> Create IR cluster 375 classes, proxy 551 kinds
2024-07-29 11:32:16,745: Epoch[29]==> Update Memory
2024-07-29 11:32:17,756: Epoch[29]==> Creat dataset
2024-07-29 11:32:17,757: 
        ============== Dataset Statistics =============
        -----------------------------------------------
               subset  | # ids | # images
          real visible |   395 |    22258
          real thermal |   395 |    11909
          
          now  visible |   728 |    21499
          now  thermal |   375 |    11851
        -----------------------------------------------
        ===============================================
            
2024-07-29 11:32:17,758: Epoch[29]==> Creat sampler
2024-07-29 11:32:17,815: Epoch[29]==> Creat dataloader
2024-07-29 11:32:17,931: Epoch[29]==> Train stage start
2024-07-29 11:34:49,735: Epoch[29]==> Train end, time cost 151.8030264377594
2024-07-29 11:34:49,849: ######################################################
2024-07-29 11:34:49,849: Epoch[30]==> Create pseudo labels
2024-07-29 11:35:07,783: Start computing jaccard distance
2024-07-29 11:35:23,503: Jaccard distance compute end, time cost: 15.719905853271484
2024-07-29 11:35:25,417: Epoch[30]==> Create RGB cluster 720 classes, proxy 1512 kinds
2024-07-29 11:35:35,008: Start computing jaccard distance
2024-07-29 11:35:42,070: Jaccard distance compute end, time cost: 7.062672138214111
2024-07-29 11:35:42,660: Epoch[30]==> Create IR cluster 387 classes, proxy 572 kinds
2024-07-29 11:35:44,299: Epoch[30]==> Update Memory
2024-07-29 11:35:45,237: Epoch[30]==> Creat dataset
2024-07-29 11:35:45,238: 
        ============== Dataset Statistics =============
        -----------------------------------------------
               subset  | # ids | # images
          real visible |   395 |    22258
          real thermal |   395 |    11909
          
          now  visible |   720 |    21479
          now  thermal |   387 |    11832
        -----------------------------------------------
        ===============================================
            
2024-07-29 11:35:45,238: Epoch[30]==> Creat sampler
2024-07-29 11:35:45,294: Epoch[30]==> Creat dataloader
2024-07-29 11:35:45,410: Epoch[30]==> Train stage start
2024-07-29 11:38:21,879: Epoch[30]==> Train end, time cost 156.4563913345337
2024-07-29 11:38:21,940: Epoch [30], save model for record
2024-07-29 11:38:22,872: Epoch[30] Test start
2024-07-29 11:40:10,958: Epoch [30] Test end, time cost 108.08623027801514
2024-07-29 11:40:11,011: ######################################################
2024-07-29 11:40:11,012: Epoch[31]==> Create pseudo labels
2024-07-29 11:40:29,478: Start computing jaccard distance
2024-07-29 11:40:45,632: Jaccard distance compute end, time cost: 16.153522729873657
2024-07-29 11:40:47,678: Epoch[31]==> Create RGB cluster 718 classes, proxy 1543 kinds
2024-07-29 11:40:57,522: Start computing jaccard distance
2024-07-29 11:41:04,550: Jaccard distance compute end, time cost: 7.028526306152344
2024-07-29 11:41:05,145: Epoch[31]==> Create IR cluster 383 classes, proxy 566 kinds
2024-07-29 11:41:07,397: Epoch[31]==> Update Memory
2024-07-29 11:41:08,372: Epoch[31]==> Creat dataset
2024-07-29 11:41:08,373: 
        ============== Dataset Statistics =============
        -----------------------------------------------
               subset  | # ids | # images
          real visible |   395 |    22258
          real thermal |   395 |    11909
          
          now  visible |   718 |    21501
          now  thermal |   383 |    11847
        -----------------------------------------------
        ===============================================
            
2024-07-29 11:41:08,374: Epoch[31]==> Creat sampler
2024-07-29 11:41:08,433: Epoch[31]==> Creat dataloader
2024-07-29 11:41:08,548: Epoch[31]==> Train stage start
2024-07-29 11:43:39,841: Epoch[31]==> Train end, time cost 151.2915244102478
2024-07-29 11:43:39,958: ######################################################
2024-07-29 11:43:39,958: Epoch[32]==> Create pseudo labels
2024-07-29 11:43:57,381: Start computing jaccard distance
2024-07-29 11:44:13,265: Jaccard distance compute end, time cost: 15.883675813674927
2024-07-29 11:44:15,220: Epoch[32]==> Create RGB cluster 709 classes, proxy 1567 kinds
2024-07-29 11:44:25,266: Start computing jaccard distance
2024-07-29 11:44:32,511: Jaccard distance compute end, time cost: 7.245396375656128
2024-07-29 11:44:33,104: Epoch[32]==> Create IR cluster 391 classes, proxy 580 kinds
2024-07-29 11:44:35,681: Epoch[32]==> Update Memory
2024-07-29 11:44:36,624: Epoch[32]==> Creat dataset
2024-07-29 11:44:36,625: 
        ============== Dataset Statistics =============
        -----------------------------------------------
               subset  | # ids | # images
          real visible |   395 |    22258
          real thermal |   395 |    11909
          
          now  visible |   709 |    21689
          now  thermal |   391 |    11862
        -----------------------------------------------
        ===============================================
            
2024-07-29 11:44:36,625: Epoch[32]==> Creat sampler
2024-07-29 11:44:36,739: Epoch[32]==> Creat dataloader
2024-07-29 11:44:36,868: Epoch[32]==> Train stage start
2024-07-29 11:47:08,472: Epoch[32]==> Train end, time cost 151.60229802131653
2024-07-29 11:47:08,591: ######################################################
2024-07-29 11:47:08,592: Epoch[33]==> Create pseudo labels
2024-07-29 11:47:26,331: Start computing jaccard distance
2024-07-29 11:47:42,357: Jaccard distance compute end, time cost: 16.025728464126587
2024-07-29 11:47:44,445: Epoch[33]==> Create RGB cluster 718 classes, proxy 1596 kinds
2024-07-29 11:47:54,158: Start computing jaccard distance
2024-07-29 11:48:01,256: Jaccard distance compute end, time cost: 7.098461866378784
2024-07-29 11:48:01,861: Epoch[33]==> Create IR cluster 392 classes, proxy 585 kinds
2024-07-29 11:48:04,318: Epoch[33]==> Update Memory
2024-07-29 11:48:05,215: Epoch[33]==> Creat dataset
2024-07-29 11:48:05,216: 
        ============== Dataset Statistics =============
        -----------------------------------------------
               subset  | # ids | # images
          real visible |   395 |    22258
          real thermal |   395 |    11909
          
          now  visible |   718 |    21726
          now  thermal |   392 |    11860
        -----------------------------------------------
        ===============================================
            
2024-07-29 11:48:05,217: Epoch[33]==> Creat sampler
2024-07-29 11:48:05,277: Epoch[33]==> Creat dataloader
2024-07-29 11:48:05,402: Epoch[33]==> Train stage start
2024-07-29 11:50:39,272: Epoch[33]==> Train end, time cost 153.86883115768433
2024-07-29 11:50:39,341: Epoch[33] Test start
2024-07-29 11:52:19,671: Epoch [33], save better model Rank-1: 50.04% to replace original model Rank-1: 40.99%
2024-07-29 11:52:20,601: Epoch [33] Test end, time cost 101.26071500778198
2024-07-29 11:52:20,652: ######################################################
2024-07-29 11:52:20,652: Epoch[34]==> Create pseudo labels
2024-07-29 11:52:38,599: Start computing jaccard distance
2024-07-29 11:52:54,881: Jaccard distance compute end, time cost: 16.282063961029053
2024-07-29 11:52:56,928: Epoch[34]==> Create RGB cluster 713 classes, proxy 1626 kinds
2024-07-29 11:53:06,626: Start computing jaccard distance
2024-07-29 11:53:13,553: Jaccard distance compute end, time cost: 6.926553726196289
2024-07-29 11:53:14,198: Epoch[34]==> Create IR cluster 393 classes, proxy 585 kinds
2024-07-29 11:53:15,891: Epoch[34]==> Update Memory
2024-07-29 11:53:16,938: Epoch[34]==> Creat dataset
2024-07-29 11:53:16,939: 
        ============== Dataset Statistics =============
        -----------------------------------------------
               subset  | # ids | # images
          real visible |   395 |    22258
          real thermal |   395 |    11909
          
          now  visible |   713 |    21745
          now  thermal |   393 |    11870
        -----------------------------------------------
        ===============================================
            
2024-07-29 11:53:16,940: Epoch[34]==> Creat sampler
2024-07-29 11:53:16,998: Epoch[34]==> Creat dataloader
2024-07-29 11:53:17,108: Epoch[34]==> Train stage start
2024-07-29 11:55:52,202: Epoch[34]==> Train end, time cost 155.09320163726807
2024-07-29 11:55:52,312: ######################################################
2024-07-29 11:55:52,313: Epoch[35]==> Create pseudo labels
2024-07-29 11:56:09,905: Start computing jaccard distance
2024-07-29 11:56:26,085: Jaccard distance compute end, time cost: 16.17946982383728
2024-07-29 11:56:28,166: Epoch[35]==> Create RGB cluster 697 classes, proxy 1608 kinds
2024-07-29 11:56:37,558: Start computing jaccard distance
2024-07-29 11:56:44,535: Jaccard distance compute end, time cost: 6.977152347564697
2024-07-29 11:56:45,169: Epoch[35]==> Create IR cluster 397 classes, proxy 592 kinds
2024-07-29 11:56:47,302: Epoch[35]==> Update Memory
2024-07-29 11:56:48,192: Epoch[35]==> Creat dataset
2024-07-29 11:56:48,193: 
        ============== Dataset Statistics =============
        -----------------------------------------------
               subset  | # ids | # images
          real visible |   395 |    22258
          real thermal |   395 |    11909
          
          now  visible |   697 |    21764
          now  thermal |   397 |    11868
        -----------------------------------------------
        ===============================================
            
2024-07-29 11:56:48,194: Epoch[35]==> Creat sampler
2024-07-29 11:56:48,254: Epoch[35]==> Creat dataloader
2024-07-29 11:56:48,364: Epoch[35]==> Train stage start
2024-07-29 11:59:19,310: Epoch[35]==> Train end, time cost 150.94466090202332
2024-07-29 11:59:19,371: Epoch [35], save model for record
2024-07-29 11:59:20,336: ######################################################
2024-07-29 11:59:20,337: Epoch[36]==> Create pseudo labels
2024-07-29 11:59:38,044: Start computing jaccard distance
2024-07-29 11:59:53,625: Jaccard distance compute end, time cost: 15.580839395523071
2024-07-29 11:59:55,743: Epoch[36]==> Create RGB cluster 700 classes, proxy 1621 kinds
2024-07-29 12:00:05,466: Start computing jaccard distance
2024-07-29 12:00:12,254: Jaccard distance compute end, time cost: 6.78721022605896
2024-07-29 12:00:12,841: Epoch[36]==> Create IR cluster 398 classes, proxy 593 kinds
2024-07-29 12:00:15,413: Epoch[36]==> Update Memory
2024-07-29 12:00:16,312: Epoch[36]==> Creat dataset
2024-07-29 12:00:16,312: 
        ============== Dataset Statistics =============
        -----------------------------------------------
               subset  | # ids | # images
          real visible |   395 |    22258
          real thermal |   395 |    11909
          
          now  visible |   700 |    21775
          now  thermal |   398 |    11874
        -----------------------------------------------
        ===============================================
            
2024-07-29 12:00:16,313: Epoch[36]==> Creat sampler
2024-07-29 12:00:16,371: Epoch[36]==> Creat dataloader
2024-07-29 12:00:16,491: Epoch[36]==> Train stage start
2024-07-29 12:02:52,217: Epoch[36]==> Train end, time cost 155.71465349197388
2024-07-29 12:02:52,281: Epoch[36] Test start
2024-07-29 12:04:30,709: Epoch [36], save better model Rank-1: 51.00% to replace original model Rank-1: 50.04%
2024-07-29 12:04:31,675: Epoch [36] Test end, time cost 99.39425277709961
2024-07-29 12:04:31,726: ######################################################
2024-07-29 12:04:31,727: Epoch[37]==> Create pseudo labels
2024-07-29 12:04:49,089: Start computing jaccard distance
2024-07-29 12:05:06,025: Jaccard distance compute end, time cost: 16.935627937316895
2024-07-29 12:05:08,268: Epoch[37]==> Create RGB cluster 714 classes, proxy 1639 kinds
2024-07-29 12:05:17,965: Start computing jaccard distance
2024-07-29 12:05:25,112: Jaccard distance compute end, time cost: 7.1469407081604
2024-07-29 12:05:25,752: Epoch[37]==> Create IR cluster 400 classes, proxy 595 kinds
2024-07-29 12:05:27,921: Epoch[37]==> Update Memory
2024-07-29 12:05:28,817: Epoch[37]==> Creat dataset
2024-07-29 12:05:28,818: 
        ============== Dataset Statistics =============
        -----------------------------------------------
               subset  | # ids | # images
          real visible |   395 |    22258
          real thermal |   395 |    11909
          
          now  visible |   714 |    21829
          now  thermal |   400 |    11871
        -----------------------------------------------
        ===============================================
            
2024-07-29 12:05:28,818: Epoch[37]==> Creat sampler
2024-07-29 12:05:28,877: Epoch[37]==> Creat dataloader
2024-07-29 12:05:28,992: Epoch[37]==> Train stage start
2024-07-29 12:08:02,653: Epoch[37]==> Train end, time cost 153.6606707572937
2024-07-29 12:08:02,767: ######################################################
2024-07-29 12:08:02,768: Epoch[38]==> Create pseudo labels
2024-07-29 12:08:20,466: Start computing jaccard distance
2024-07-29 12:08:36,765: Jaccard distance compute end, time cost: 16.29977822303772
2024-07-29 12:08:39,054: Epoch[38]==> Create RGB cluster 713 classes, proxy 1678 kinds
2024-07-29 12:08:49,082: Start computing jaccard distance
2024-07-29 12:08:56,047: Jaccard distance compute end, time cost: 6.964067459106445
2024-07-29 12:08:56,664: Epoch[38]==> Create IR cluster 399 classes, proxy 595 kinds
2024-07-29 12:08:59,505: Epoch[38]==> Update Memory
2024-07-29 12:09:00,512: Epoch[38]==> Creat dataset
2024-07-29 12:09:00,513: 
        ============== Dataset Statistics =============
        -----------------------------------------------
               subset  | # ids | # images
          real visible |   395 |    22258
          real thermal |   395 |    11909
          
          now  visible |   713 |    21783
          now  thermal |   399 |    11879
        -----------------------------------------------
        ===============================================
            
2024-07-29 12:09:00,513: Epoch[38]==> Creat sampler
2024-07-29 12:09:00,571: Epoch[38]==> Creat dataloader
2024-07-29 12:09:00,684: Epoch[38]==> Train stage start
2024-07-29 12:11:32,681: Epoch[38]==> Train end, time cost 151.97890877723694
2024-07-29 12:11:32,795: ######################################################
2024-07-29 12:11:32,796: Epoch[39]==> Create pseudo labels
2024-07-29 12:11:50,173: Start computing jaccard distance
2024-07-29 12:12:07,855: Jaccard distance compute end, time cost: 17.681901454925537
2024-07-29 12:12:09,912: Epoch[39]==> Create RGB cluster 703 classes, proxy 1660 kinds
2024-07-29 12:12:20,029: Start computing jaccard distance
2024-07-29 12:12:26,907: Jaccard distance compute end, time cost: 6.877919673919678
2024-07-29 12:12:27,541: Epoch[39]==> Create IR cluster 400 classes, proxy 595 kinds
2024-07-29 12:12:30,257: Epoch[39]==> Update Memory
2024-07-29 12:12:31,180: Epoch[39]==> Creat dataset
2024-07-29 12:12:31,181: 
        ============== Dataset Statistics =============
        -----------------------------------------------
               subset  | # ids | # images
          real visible |   395 |    22258
          real thermal |   395 |    11909
          
          now  visible |   703 |    21812
          now  thermal |   400 |    11880
        -----------------------------------------------
        ===============================================
            
2024-07-29 12:12:31,182: Epoch[39]==> Creat sampler
2024-07-29 12:12:31,240: Epoch[39]==> Creat dataloader
2024-07-29 12:12:31,354: Epoch[39]==> Train stage start
2024-07-29 12:15:07,860: Epoch[39]==> Train end, time cost 156.50503420829773
2024-07-29 12:15:07,928: Epoch[39] Test start
2024-07-29 12:16:46,319: Epoch [39], save better model Rank-1: 52.08% to replace original model Rank-1: 51.00%
2024-07-29 12:16:47,272: Epoch [39] Test end, time cost 99.34436798095703
2024-07-29 12:16:47,323: ######################################################
2024-07-29 12:16:47,324: Epoch[40]==> Create pseudo labels
2024-07-29 12:17:04,439: Start computing jaccard distance
2024-07-29 12:17:21,602: Jaccard distance compute end, time cost: 17.16242790222168
2024-07-29 12:17:23,547: Epoch[40]==> Create RGB cluster 701 classes, proxy 1665 kinds
2024-07-29 12:17:33,099: Start computing jaccard distance
2024-07-29 12:17:40,041: Jaccard distance compute end, time cost: 6.941863775253296
2024-07-29 12:17:40,678: Epoch[40]==> Create IR cluster 401 classes, proxy 597 kinds
2024-07-29 12:17:42,420: Epoch[40]==> Update Memory
2024-07-29 12:17:43,894: Epoch[40]==> Creat dataset
2024-07-29 12:17:43,896: 
        ============== Dataset Statistics =============
        -----------------------------------------------
               subset  | # ids | # images
          real visible |   395 |    22258
          real thermal |   395 |    11909
          
          now  visible |   701 |    21840
          now  thermal |   401 |    11874
        -----------------------------------------------
        ===============================================
            
2024-07-29 12:17:43,897: Epoch[40]==> Creat sampler
2024-07-29 12:17:44,125: Epoch[40]==> Creat dataloader
2024-07-29 12:17:44,248: Epoch[40]==> Train stage start
2024-07-29 12:20:19,994: Epoch[40]==> Train end, time cost 155.7449131011963
2024-07-29 12:20:20,056: Epoch [40], save model for record
2024-07-29 12:20:21,033: ######################################################
2024-07-29 12:20:21,034: Epoch[41]==> Create pseudo labels
2024-07-29 12:20:39,184: Start computing jaccard distance
2024-07-29 12:20:54,980: Jaccard distance compute end, time cost: 15.79654860496521
2024-07-29 12:20:56,976: Epoch[41]==> Create RGB cluster 710 classes, proxy 1685 kinds
2024-07-29 12:21:06,637: Start computing jaccard distance
2024-07-29 12:21:13,690: Jaccard distance compute end, time cost: 7.0529844760894775
2024-07-29 12:21:14,268: Epoch[41]==> Create IR cluster 401 classes, proxy 598 kinds
2024-07-29 12:21:16,059: Epoch[41]==> Update Memory
2024-07-29 12:21:17,052: Epoch[41]==> Creat dataset
2024-07-29 12:21:17,053: 
        ============== Dataset Statistics =============
        -----------------------------------------------
               subset  | # ids | # images
          real visible |   395 |    22258
          real thermal |   395 |    11909
          
          now  visible |   710 |    21844
          now  thermal |   401 |    11885
        -----------------------------------------------
        ===============================================
            
2024-07-29 12:21:17,053: Epoch[41]==> Creat sampler
2024-07-29 12:21:17,113: Epoch[41]==> Creat dataloader
2024-07-29 12:21:17,225: Epoch[41]==> Train stage start
2024-07-29 12:23:48,951: Epoch[41]==> Train end, time cost 151.725487947464
2024-07-29 12:23:49,063: ######################################################
2024-07-29 12:23:49,064: Epoch[42]==> Create pseudo labels
2024-07-29 12:24:06,537: Start computing jaccard distance
2024-07-29 12:24:22,176: Jaccard distance compute end, time cost: 15.639328002929688
2024-07-29 12:24:24,388: Epoch[42]==> Create RGB cluster 706 classes, proxy 1680 kinds
2024-07-29 12:24:34,156: Start computing jaccard distance
2024-07-29 12:24:41,041: Jaccard distance compute end, time cost: 6.88559889793396
2024-07-29 12:24:41,627: Epoch[42]==> Create IR cluster 397 classes, proxy 593 kinds
2024-07-29 12:24:44,326: Epoch[42]==> Update Memory
2024-07-29 12:24:45,259: Epoch[42]==> Creat dataset
2024-07-29 12:24:45,260: 
        ============== Dataset Statistics =============
        -----------------------------------------------
               subset  | # ids | # images
          real visible |   395 |    22258
          real thermal |   395 |    11909
          
          now  visible |   706 |    21863
          now  thermal |   397 |    11884
        -----------------------------------------------
        ===============================================
            
2024-07-29 12:24:45,261: Epoch[42]==> Creat sampler
2024-07-29 12:24:45,369: Epoch[42]==> Creat dataloader
2024-07-29 12:24:45,476: Epoch[42]==> Train stage start
2024-07-29 12:27:23,198: Epoch[42]==> Train end, time cost 157.7208423614502
2024-07-29 12:27:23,259: Epoch[42] Test start
2024-07-29 12:29:02,431: Epoch [42] Test end, time cost 99.17194938659668
2024-07-29 12:29:02,484: ######################################################
2024-07-29 12:29:02,484: Epoch[43]==> Create pseudo labels
2024-07-29 12:29:19,772: Start computing jaccard distance
2024-07-29 12:29:35,285: Jaccard distance compute end, time cost: 15.513369083404541
2024-07-29 12:29:37,272: Epoch[43]==> Create RGB cluster 708 classes, proxy 1694 kinds
2024-07-29 12:29:46,828: Start computing jaccard distance
2024-07-29 12:29:53,667: Jaccard distance compute end, time cost: 6.8392603397369385
2024-07-29 12:29:54,303: Epoch[43]==> Create IR cluster 398 classes, proxy 595 kinds
2024-07-29 12:29:55,910: Epoch[43]==> Update Memory
2024-07-29 12:29:56,876: Epoch[43]==> Creat dataset
2024-07-29 12:29:56,877: 
        ============== Dataset Statistics =============
        -----------------------------------------------
               subset  | # ids | # images
          real visible |   395 |    22258
          real thermal |   395 |    11909
          
          now  visible |   708 |    21864
          now  thermal |   398 |    11886
        -----------------------------------------------
        ===============================================
            
2024-07-29 12:29:56,877: Epoch[43]==> Creat sampler
2024-07-29 12:29:56,938: Epoch[43]==> Creat dataloader
2024-07-29 12:29:57,053: Epoch[43]==> Train stage start
2024-07-29 12:32:32,207: Epoch[43]==> Train end, time cost 155.13400387763977
2024-07-29 12:32:32,325: ######################################################
2024-07-29 12:32:32,326: Epoch[44]==> Create pseudo labels
2024-07-29 12:32:49,753: Start computing jaccard distance
2024-07-29 12:33:05,420: Jaccard distance compute end, time cost: 15.667817115783691
2024-07-29 12:33:07,644: Epoch[44]==> Create RGB cluster 709 classes, proxy 1702 kinds
2024-07-29 12:33:17,569: Start computing jaccard distance
2024-07-29 12:33:24,802: Jaccard distance compute end, time cost: 7.23358154296875
2024-07-29 12:33:25,433: Epoch[44]==> Create IR cluster 400 classes, proxy 598 kinds
2024-07-29 12:33:27,709: Epoch[44]==> Update Memory
2024-07-29 12:33:28,641: Epoch[44]==> Creat dataset
2024-07-29 12:33:28,642: 
        ============== Dataset Statistics =============
        -----------------------------------------------
               subset  | # ids | # images
          real visible |   395 |    22258
          real thermal |   395 |    11909
          
          now  visible |   709 |    21867
          now  thermal |   400 |    11889
        -----------------------------------------------
        ===============================================
            
2024-07-29 12:33:28,643: Epoch[44]==> Creat sampler
2024-07-29 12:33:28,701: Epoch[44]==> Creat dataloader
2024-07-29 12:33:28,817: Epoch[44]==> Train stage start
2024-07-29 12:36:00,019: Epoch[44]==> Train end, time cost 151.18609833717346
2024-07-29 12:36:00,132: ######################################################
2024-07-29 12:36:00,133: Epoch[45]==> Create pseudo labels
2024-07-29 12:36:17,655: Start computing jaccard distance
2024-07-29 12:36:34,189: Jaccard distance compute end, time cost: 16.534148931503296
2024-07-29 12:36:36,165: Epoch[45]==> Create RGB cluster 696 classes, proxy 1689 kinds
2024-07-29 12:36:45,877: Start computing jaccard distance
2024-07-29 12:36:52,784: Jaccard distance compute end, time cost: 6.90700364112854
2024-07-29 12:36:53,412: Epoch[45]==> Create IR cluster 397 classes, proxy 593 kinds
2024-07-29 12:36:56,117: Epoch[45]==> Update Memory
2024-07-29 12:36:57,062: Epoch[45]==> Creat dataset
2024-07-29 12:36:57,063: 
        ============== Dataset Statistics =============
        -----------------------------------------------
               subset  | # ids | # images
          real visible |   395 |    22258
          real thermal |   395 |    11909
          
          now  visible |   696 |    21897
          now  thermal |   397 |    11884
        -----------------------------------------------
        ===============================================
            
2024-07-29 12:36:57,064: Epoch[45]==> Creat sampler
2024-07-29 12:36:57,123: Epoch[45]==> Creat dataloader
2024-07-29 12:36:57,241: Epoch[45]==> Train stage start
2024-07-29 12:39:33,144: Epoch[45]==> Train end, time cost 155.9025902748108
2024-07-29 12:39:33,209: Epoch [45], save model for record
2024-07-29 12:39:34,191: Epoch[45] Test start
2024-07-29 12:41:13,362: Epoch [45], save better model Rank-1: 52.09% to replace original model Rank-1: 52.08%
2024-07-29 12:41:14,306: Epoch [45] Test end, time cost 100.11412811279297
2024-07-29 12:41:14,356: ######################################################
2024-07-29 12:41:14,356: Epoch[46]==> Create pseudo labels
2024-07-29 12:41:31,678: Start computing jaccard distance
2024-07-29 12:41:46,841: Jaccard distance compute end, time cost: 15.163291454315186
2024-07-29 12:41:49,092: Epoch[46]==> Create RGB cluster 708 classes, proxy 1707 kinds
2024-07-29 12:41:59,367: Start computing jaccard distance
2024-07-29 12:42:06,309: Jaccard distance compute end, time cost: 6.941536903381348
2024-07-29 12:42:06,942: Epoch[46]==> Create IR cluster 398 classes, proxy 595 kinds
2024-07-29 12:42:08,538: Epoch[46]==> Update Memory
2024-07-29 12:42:09,463: Epoch[46]==> Creat dataset
2024-07-29 12:42:09,464: 
        ============== Dataset Statistics =============
        -----------------------------------------------
               subset  | # ids | # images
          real visible |   395 |    22258
          real thermal |   395 |    11909
          
          now  visible |   708 |    21913
          now  thermal |   398 |    11889
        -----------------------------------------------
        ===============================================
            
2024-07-29 12:42:09,464: Epoch[46]==> Creat sampler
2024-07-29 12:42:09,519: Epoch[46]==> Creat dataloader
2024-07-29 12:42:09,632: Epoch[46]==> Train stage start
2024-07-29 12:44:45,503: Epoch[46]==> Train end, time cost 155.85083937644958
2024-07-29 12:44:45,618: ######################################################
2024-07-29 12:44:45,618: Epoch[47]==> Create pseudo labels
2024-07-29 12:45:03,076: Start computing jaccard distance
2024-07-29 12:45:19,621: Jaccard distance compute end, time cost: 16.545517683029175
2024-07-29 12:45:21,881: Epoch[47]==> Create RGB cluster 711 classes, proxy 1743 kinds
2024-07-29 12:45:33,264: Start computing jaccard distance
2024-07-29 12:45:40,795: Jaccard distance compute end, time cost: 7.5307393074035645
2024-07-29 12:45:41,537: Epoch[47]==> Create IR cluster 399 classes, proxy 596 kinds
2024-07-29 12:45:43,805: Epoch[47]==> Update Memory
2024-07-29 12:45:45,152: Epoch[47]==> Creat dataset
2024-07-29 12:45:45,153: 
        ============== Dataset Statistics =============
        -----------------------------------------------
               subset  | # ids | # images
          real visible |   395 |    22258
          real thermal |   395 |    11909
          
          now  visible |   711 |    21931
          now  thermal |   399 |    11885
        -----------------------------------------------
        ===============================================
            
2024-07-29 12:45:45,154: Epoch[47]==> Creat sampler
2024-07-29 12:45:45,215: Epoch[47]==> Creat dataloader
2024-07-29 12:45:45,350: Epoch[47]==> Train stage start
2024-07-29 12:48:18,584: Epoch[47]==> Train end, time cost 153.22136425971985
2024-07-29 12:48:18,702: ######################################################
2024-07-29 12:48:18,703: Epoch[48]==> Create pseudo labels
2024-07-29 12:48:36,620: Start computing jaccard distance
2024-07-29 12:48:52,228: Jaccard distance compute end, time cost: 15.607923984527588
2024-07-29 12:48:54,413: Epoch[48]==> Create RGB cluster 714 classes, proxy 1748 kinds
2024-07-29 12:49:04,220: Start computing jaccard distance
2024-07-29 12:49:11,073: Jaccard distance compute end, time cost: 6.853816986083984
2024-07-29 12:49:11,695: Epoch[48]==> Create IR cluster 403 classes, proxy 601 kinds
2024-07-29 12:49:13,903: Epoch[48]==> Update Memory
2024-07-29 12:49:14,801: Epoch[48]==> Creat dataset
2024-07-29 12:49:14,802: 
        ============== Dataset Statistics =============
        -----------------------------------------------
               subset  | # ids | # images
          real visible |   395 |    22258
          real thermal |   395 |    11909
          
          now  visible |   714 |    21960
          now  thermal |   403 |    11881
        -----------------------------------------------
        ===============================================
            
2024-07-29 12:49:14,802: Epoch[48]==> Creat sampler
2024-07-29 12:49:14,861: Epoch[48]==> Creat dataloader
2024-07-29 12:49:14,972: Epoch[48]==> Train stage start
2024-07-29 12:51:51,274: Epoch[48]==> Train end, time cost 156.300194978714
2024-07-29 12:51:51,338: Epoch[48] Test start
2024-07-29 12:53:30,861: Epoch [48] Test end, time cost 99.52298545837402
2024-07-29 12:53:30,913: ######################################################
2024-07-29 12:53:30,914: Epoch[49]==> Create pseudo labels
2024-07-29 12:53:48,030: Start computing jaccard distance
2024-07-29 12:54:06,176: Jaccard distance compute end, time cost: 18.146352529525757
2024-07-29 12:54:08,400: Epoch[49]==> Create RGB cluster 715 classes, proxy 1743 kinds
2024-07-29 12:54:18,510: Start computing jaccard distance
2024-07-29 12:54:25,455: Jaccard distance compute end, time cost: 6.945080995559692
2024-07-29 12:54:26,167: Epoch[49]==> Create IR cluster 403 classes, proxy 601 kinds
2024-07-29 12:54:29,609: Epoch[49]==> Update Memory
2024-07-29 12:54:30,584: Epoch[49]==> Creat dataset
2024-07-29 12:54:30,585: 
        ============== Dataset Statistics =============
        -----------------------------------------------
               subset  | # ids | # images
          real visible |   395 |    22258
          real thermal |   395 |    11909
          
          now  visible |   715 |    21930
          now  thermal |   403 |    11884
        -----------------------------------------------
        ===============================================
            
2024-07-29 12:54:30,586: Epoch[49]==> Creat sampler
2024-07-29 12:54:30,647: Epoch[49]==> Creat dataloader
2024-07-29 12:54:30,770: Epoch[49]==> Train stage start
2024-07-29 12:57:06,521: Epoch[49]==> Train end, time cost 155.75036525726318
2024-07-29 12:57:06,634: ######################################################
2024-07-29 12:57:06,634: Epoch[50]==> Create pseudo labels
2024-07-29 12:57:24,024: Start computing jaccard distance
2024-07-29 12:57:40,805: Jaccard distance compute end, time cost: 16.780637502670288
2024-07-29 12:57:42,901: Epoch[50]==> Create RGB cluster 709 classes, proxy 1729 kinds
2024-07-29 12:57:52,436: Start computing jaccard distance
2024-07-29 12:57:59,286: Jaccard distance compute end, time cost: 6.84946346282959
2024-07-29 12:57:59,928: Epoch[50]==> Create IR cluster 402 classes, proxy 600 kinds
2024-07-29 12:58:02,319: Epoch[50]==> Update Memory
2024-07-29 12:58:03,231: Epoch[50]==> Creat dataset
2024-07-29 12:58:03,232: 
        ============== Dataset Statistics =============
        -----------------------------------------------
               subset  | # ids | # images
          real visible |   395 |    22258
          real thermal |   395 |    11909
          
          now  visible |   709 |    21947
          now  thermal |   402 |    11892
        -----------------------------------------------
        ===============================================
            
2024-07-29 12:58:03,233: Epoch[50]==> Creat sampler
2024-07-29 12:58:03,290: Epoch[50]==> Creat dataloader
2024-07-29 12:58:03,404: Epoch[50]==> Train stage start
2024-07-29 13:00:35,227: Epoch[50]==> Train end, time cost 151.8045790195465
2024-07-29 13:00:35,292: Epoch [50], save model for record
2024-07-29 13:00:36,220: Epoch[50] Test start
2024-07-29 13:02:15,919: Epoch [50], save better model Rank-1: 52.32% to replace original model Rank-1: 52.09%
2024-07-29 13:02:16,843: Epoch [50] Test end, time cost 100.62251710891724
2024-07-29 13:02:16,843: stage1 running time: 12106.320049951988
