2024-07-29 01:59:05,623: 
======================== Training details ========================
------------------------------------------------------------------
		extract_batch_size : 128
		extract_num_workers: 6
		test_batch_size    : 128
		test_num_workers   : 6
		train_num_workers  : 4
		backbone           : clip
		stride_size        : [16, 16]
		arch               : RN50
		step_size          : 20
		sampler            : sampler_by_identity
		data_enhancement   : fusion
		temp               : 0.05
		eps                : 0.6
		min_samples        : 4
		gpu                : 0
		seed               : 1
		save_epoch         : 5
		eval_step          : 3
		update_iter        : 20
		steps              : [30, 50]
		gamma              : 0.1
		warmup_factor      : 0.01
		warmup_iters       : 10
		warmup_method      : linear
		base_lr            : 0.00035
		weight_decay       : 0.0005
		weight_decay_bias  : 0.0005
		bias_lr_factor     : 2
		log_name           : test4_1
		dataset            : SYSU
		img_h              : 288
		img_w              : 144
		mode_1             : all
		test_mode_1        : [2, 1]
		mode_2             : indoor
		test_mode_2        : [2, 1]
		eval_iter          : 10
		train_batch_size   : 40
		train_num_instances: 10
		num_iter           : 300
		smooth_weight      : 0.5
		use_weight         : True
		loss_type          : cam_associate
		bg_knn             : 100
		gnn_k1_cross       : 15
		gnn_k2_cross       : 3
		k1                 : 30
		k2                 : 6
		base_dir           : ../save/SYSU/
		data_dir           : ../dataset/SYSU-MM01/
		extend_dir         : 144x288/
		stage              : 2
		max_epoch          : 90
		use_id_loss        : True
		resume_path        : test4/checkpoints/stage1/train_2_epoch_50.pth
		logs_dir           : /logs/stage2/
		model_dir          : /checkpoints/stage2/
------------------------------------------------------------------
=============================== END ===============================
2024-07-29 01:59:06,662: Resized position embedding: 50x2048 to 163x2048
2024-07-29 01:59:06,662: Position embedding resize to height:18 width: 9
2024-07-29 01:59:07,681: Resized position embedding: 50x2048 to 163x2048
2024-07-29 01:59:07,681: Position embedding resize to height:18 width: 9
2024-07-29 01:59:08,640: Resized position embedding: 50x2048 to 163x2048
2024-07-29 01:59:08,640: Position embedding resize to height:18 width: 9
2024-07-29 01:59:08,690: ==> Load train_prepare model
2024-07-29 01:59:10,114: ==> Creat DBSCAN
2024-07-29 01:59:10,114: ==> Start train stage2
2024-07-29 01:59:10,116: ######################################################
2024-07-29 01:59:10,116: Epoch[51]==> Create pseudo labels
2024-07-29 01:59:30,951: Start computing jaccard distance
2024-07-29 01:59:46,868: Jaccard distance compute end, time cost: 15.916802883148193
2024-07-29 01:59:49,269: Epoch[51]==> Create RGB cluster 722 classes, proxy 1759 kinds
2024-07-29 02:00:00,459: Start computing jaccard distance
2024-07-29 02:00:07,755: Jaccard distance compute end, time cost: 7.296068906784058
2024-07-29 02:00:08,605: Epoch[51]==> Create IR cluster 400 classes, proxy 597 kinds
2024-07-29 02:00:10,378: Epoch[51]==> Update Memory
2024-07-29 02:00:11,479: Epoch[51]==> Start cross modal matching
2024-07-29 02:00:11,529: Epoch[51]==> Creat dataset
2024-07-29 02:00:11,744: 
        ============== Dataset Statistics =============
        -----------------------------------------------
               subset  | # ids | # images
          real visible |   395 |    22258
          real thermal |   395 |    11909
          
          now  visible |   722 |    21951
          now  thermal |   400 |    11892
        -----------------------------------------------
        ===============================================
            
2024-07-29 02:00:11,745: Epoch[51]==> Creat sampler
2024-07-29 02:00:11,794: Epoch[51]==> Creat dataloader
2024-07-29 02:00:11,861: Epoch[51]==> Train stage start
2024-07-29 02:04:01,441: Epoch[51]==> Train end, time cost 229.57892084121704
2024-07-29 02:04:01,483: Epoch[51] Test start
2024-07-29 02:05:54,823: Epoch [51], save better model Rank-1: 59.93% to replace original model Rank-1: 0.00%
2024-07-29 02:05:55,847: Epoch [51] Test end, time cost 114.36386013031006
2024-07-29 02:05:55,898: ######################################################
2024-07-29 02:05:55,899: Epoch[52]==> Create pseudo labels
2024-07-29 02:06:14,675: Start computing jaccard distance
2024-07-29 02:06:31,437: Jaccard distance compute end, time cost: 16.761337280273438
2024-07-29 02:06:34,479: Epoch[52]==> Create RGB cluster 708 classes, proxy 1738 kinds
2024-07-29 02:06:44,893: Start computing jaccard distance
2024-07-29 02:06:52,322: Jaccard distance compute end, time cost: 7.429579734802246
2024-07-29 02:06:53,010: Epoch[52]==> Create IR cluster 404 classes, proxy 603 kinds
2024-07-29 02:06:55,225: Epoch[52]==> Update Memory
2024-07-29 02:06:56,456: Epoch[52]==> Start cross modal matching
2024-07-29 02:06:56,526: Epoch[52]==> Creat dataset
2024-07-29 02:06:56,759: 
        ============== Dataset Statistics =============
        -----------------------------------------------
               subset  | # ids | # images
          real visible |   395 |    22258
          real thermal |   395 |    11909
          
          now  visible |   708 |    21989
          now  thermal |   404 |    11893
        -----------------------------------------------
        ===============================================
            
2024-07-29 02:06:56,759: Epoch[52]==> Creat sampler
2024-07-29 02:06:56,822: Epoch[52]==> Creat dataloader
2024-07-29 02:06:56,972: Epoch[52]==> Train stage start
2024-07-29 02:10:42,937: Epoch[52]==> Train end, time cost 225.96340465545654
2024-07-29 02:10:43,059: ######################################################
2024-07-29 02:10:43,060: Epoch[53]==> Create pseudo labels
2024-07-29 02:11:01,932: Start computing jaccard distance
2024-07-29 02:11:18,189: Jaccard distance compute end, time cost: 16.256571769714355
2024-07-29 02:11:20,447: Epoch[53]==> Create RGB cluster 694 classes, proxy 1710 kinds
2024-07-29 02:11:31,566: Start computing jaccard distance
2024-07-29 02:11:39,001: Jaccard distance compute end, time cost: 7.434775352478027
2024-07-29 02:11:39,681: Epoch[53]==> Create IR cluster 403 classes, proxy 601 kinds
2024-07-29 02:11:41,831: Epoch[53]==> Update Memory
2024-07-29 02:11:42,953: Epoch[53]==> Start cross modal matching
2024-07-29 02:11:43,004: Epoch[53]==> Creat dataset
2024-07-29 02:11:43,286: 
        ============== Dataset Statistics =============
        -----------------------------------------------
               subset  | # ids | # images
          real visible |   395 |    22258
          real thermal |   395 |    11909
          
          now  visible |   694 |    21959
          now  thermal |   403 |    11890
        -----------------------------------------------
        ===============================================
            
2024-07-29 02:11:43,287: Epoch[53]==> Creat sampler
2024-07-29 02:11:43,351: Epoch[53]==> Creat dataloader
2024-07-29 02:11:43,488: Epoch[53]==> Train stage start
2024-07-29 02:15:30,012: Epoch[53]==> Train end, time cost 226.5227086544037
2024-07-29 02:15:30,163: ######################################################
2024-07-29 02:15:30,164: Epoch[54]==> Create pseudo labels
2024-07-29 02:15:48,945: Start computing jaccard distance
2024-07-29 02:16:06,591: Jaccard distance compute end, time cost: 17.64573049545288
2024-07-29 02:16:08,753: Epoch[54]==> Create RGB cluster 693 classes, proxy 1695 kinds
2024-07-29 02:16:19,161: Start computing jaccard distance
2024-07-29 02:16:26,608: Jaccard distance compute end, time cost: 7.44734001159668
2024-07-29 02:16:27,203: Epoch[54]==> Create IR cluster 404 classes, proxy 603 kinds
2024-07-29 02:16:29,949: Epoch[54]==> Update Memory
2024-07-29 02:16:31,202: Epoch[54]==> Start cross modal matching
2024-07-29 02:16:31,248: Epoch[54]==> Creat dataset
2024-07-29 02:16:31,444: 
        ============== Dataset Statistics =============
        -----------------------------------------------
               subset  | # ids | # images
          real visible |   395 |    22258
          real thermal |   395 |    11909
          
          now  visible |   693 |    21967
          now  thermal |   404 |    11889
        -----------------------------------------------
        ===============================================
            
2024-07-29 02:16:31,445: Epoch[54]==> Creat sampler
2024-07-29 02:16:31,507: Epoch[54]==> Creat dataloader
2024-07-29 02:16:31,648: Epoch[54]==> Train stage start
2024-07-29 02:20:21,972: Epoch[54]==> Train end, time cost 230.32327342033386
2024-07-29 02:20:22,061: Epoch[54] Test start
2024-07-29 02:22:06,845: Epoch [54], save better model Rank-1: 65.03% to replace original model Rank-1: 59.93%
2024-07-29 02:22:07,817: Epoch [54] Test end, time cost 105.75574731826782
2024-07-29 02:22:07,864: ######################################################
2024-07-29 02:22:07,864: Epoch[55]==> Create pseudo labels
2024-07-29 02:22:25,558: Start computing jaccard distance
2024-07-29 02:22:43,224: Jaccard distance compute end, time cost: 17.66599726676941
2024-07-29 02:22:45,341: Epoch[55]==> Create RGB cluster 696 classes, proxy 1702 kinds
2024-07-29 02:22:55,259: Start computing jaccard distance
2024-07-29 02:23:02,326: Jaccard distance compute end, time cost: 7.06649112701416
2024-07-29 02:23:02,926: Epoch[55]==> Create IR cluster 405 classes, proxy 604 kinds
2024-07-29 02:23:04,917: Epoch[55]==> Update Memory
2024-07-29 02:23:06,087: Epoch[55]==> Start cross modal matching
2024-07-29 02:23:06,143: Epoch[55]==> Creat dataset
2024-07-29 02:23:06,367: 
        ============== Dataset Statistics =============
        -----------------------------------------------
               subset  | # ids | # images
          real visible |   395 |    22258
          real thermal |   395 |    11909
          
          now  visible |   696 |    21974
          now  thermal |   405 |    11893
        -----------------------------------------------
        ===============================================
            
2024-07-29 02:23:06,369: Epoch[55]==> Creat sampler
2024-07-29 02:23:06,436: Epoch[55]==> Creat dataloader
2024-07-29 02:23:06,571: Epoch[55]==> Train stage start
2024-07-29 02:26:59,686: Epoch[55]==> Train end, time cost 233.10335969924927
2024-07-29 02:26:59,762: Epoch [55], save model for record
2024-07-29 02:27:00,919: ######################################################
2024-07-29 02:27:00,921: Epoch[56]==> Create pseudo labels
2024-07-29 02:27:18,688: Start computing jaccard distance
2024-07-29 02:27:34,657: Jaccard distance compute end, time cost: 15.968473672866821
2024-07-29 02:27:37,122: Epoch[56]==> Create RGB cluster 694 classes, proxy 1702 kinds
2024-07-29 02:27:47,922: Start computing jaccard distance
2024-07-29 02:27:54,841: Jaccard distance compute end, time cost: 6.919066429138184
2024-07-29 02:27:55,486: Epoch[56]==> Create IR cluster 403 classes, proxy 601 kinds
2024-07-29 02:27:57,803: Epoch[56]==> Update Memory
2024-07-29 02:27:59,024: Epoch[56]==> Start cross modal matching
2024-07-29 02:27:59,084: Epoch[56]==> Creat dataset
2024-07-29 02:27:59,281: 
        ============== Dataset Statistics =============
        -----------------------------------------------
               subset  | # ids | # images
          real visible |   395 |    22258
          real thermal |   395 |    11909
          
          now  visible |   694 |    21964
          now  thermal |   403 |    11889
        -----------------------------------------------
        ===============================================
            
2024-07-29 02:27:59,283: Epoch[56]==> Creat sampler
2024-07-29 02:27:59,342: Epoch[56]==> Creat dataloader
2024-07-29 02:27:59,485: Epoch[56]==> Train stage start
2024-07-29 02:31:46,587: Epoch[56]==> Train end, time cost 227.10155034065247
2024-07-29 02:31:46,711: ######################################################
2024-07-29 02:31:46,711: Epoch[57]==> Create pseudo labels
2024-07-29 02:32:05,524: Start computing jaccard distance
2024-07-29 02:32:22,291: Jaccard distance compute end, time cost: 16.766556978225708
2024-07-29 02:32:24,212: Epoch[57]==> Create RGB cluster 696 classes, proxy 1712 kinds
2024-07-29 02:32:34,309: Start computing jaccard distance
2024-07-29 02:32:41,195: Jaccard distance compute end, time cost: 6.886043071746826
2024-07-29 02:32:41,768: Epoch[57]==> Create IR cluster 404 classes, proxy 604 kinds
2024-07-29 02:32:44,253: Epoch[57]==> Update Memory
2024-07-29 02:32:45,481: Epoch[57]==> Start cross modal matching
2024-07-29 02:32:45,534: Epoch[57]==> Creat dataset
2024-07-29 02:32:45,729: 
        ============== Dataset Statistics =============
        -----------------------------------------------
               subset  | # ids | # images
          real visible |   395 |    22258
          real thermal |   395 |    11909
          
          now  visible |   696 |    21961
          now  thermal |   404 |    11890
        -----------------------------------------------
        ===============================================
            
2024-07-29 02:32:45,730: Epoch[57]==> Creat sampler
2024-07-29 02:32:45,792: Epoch[57]==> Creat dataloader
2024-07-29 02:32:45,930: Epoch[57]==> Train stage start
2024-07-29 02:36:35,074: Epoch[57]==> Train end, time cost 229.13143348693848
2024-07-29 02:36:35,156: Epoch[57] Test start
2024-07-29 02:38:19,811: Epoch [57], save better model Rank-1: 65.87% to replace original model Rank-1: 65.03%
2024-07-29 02:38:20,792: Epoch [57] Test end, time cost 105.63618493080139
2024-07-29 02:38:20,839: ######################################################
2024-07-29 02:38:20,840: Epoch[58]==> Create pseudo labels
2024-07-29 02:38:38,468: Start computing jaccard distance
2024-07-29 02:38:54,288: Jaccard distance compute end, time cost: 15.820432662963867
2024-07-29 02:38:56,477: Epoch[58]==> Create RGB cluster 692 classes, proxy 1715 kinds
2024-07-29 02:39:06,355: Start computing jaccard distance
2024-07-29 02:39:13,382: Jaccard distance compute end, time cost: 7.026873588562012
2024-07-29 02:39:13,987: Epoch[58]==> Create IR cluster 403 classes, proxy 601 kinds
2024-07-29 02:39:16,284: Epoch[58]==> Update Memory
2024-07-29 02:39:17,771: Epoch[58]==> Start cross modal matching
2024-07-29 02:39:17,827: Epoch[58]==> Creat dataset
2024-07-29 02:39:18,029: 
        ============== Dataset Statistics =============
        -----------------------------------------------
               subset  | # ids | # images
          real visible |   395 |    22258
          real thermal |   395 |    11909
          
          now  visible |   692 |    21949
          now  thermal |   403 |    11889
        -----------------------------------------------
        ===============================================
            
2024-07-29 02:39:18,030: Epoch[58]==> Creat sampler
2024-07-29 02:39:18,092: Epoch[58]==> Creat dataloader
2024-07-29 02:39:18,234: Epoch[58]==> Train stage start
2024-07-29 02:43:06,740: Epoch[58]==> Train end, time cost 228.50553822517395
2024-07-29 02:43:06,866: ######################################################
2024-07-29 02:43:06,867: Epoch[59]==> Create pseudo labels
2024-07-29 02:43:24,539: Start computing jaccard distance
2024-07-29 02:43:40,690: Jaccard distance compute end, time cost: 16.151312112808228
2024-07-29 02:43:42,987: Epoch[59]==> Create RGB cluster 698 classes, proxy 1711 kinds
2024-07-29 02:43:53,991: Start computing jaccard distance
2024-07-29 02:44:01,278: Jaccard distance compute end, time cost: 7.286811351776123
2024-07-29 02:44:02,000: Epoch[59]==> Create IR cluster 405 classes, proxy 604 kinds
2024-07-29 02:44:04,381: Epoch[59]==> Update Memory
2024-07-29 02:44:05,588: Epoch[59]==> Start cross modal matching
2024-07-29 02:44:05,644: Epoch[59]==> Creat dataset
2024-07-29 02:44:05,871: 
        ============== Dataset Statistics =============
        -----------------------------------------------
               subset  | # ids | # images
          real visible |   395 |    22258
          real thermal |   395 |    11909
          
          now  visible |   698 |    21950
          now  thermal |   405 |    11890
        -----------------------------------------------
        ===============================================
            
2024-07-29 02:44:05,872: Epoch[59]==> Creat sampler
2024-07-29 02:44:05,938: Epoch[59]==> Creat dataloader
2024-07-29 02:44:06,239: Epoch[59]==> Train stage start
2024-07-29 02:47:52,990: Epoch[59]==> Train end, time cost 226.75081586837769
2024-07-29 02:47:53,118: ######################################################
2024-07-29 02:47:53,119: Epoch[60]==> Create pseudo labels
2024-07-29 02:48:11,871: Start computing jaccard distance
2024-07-29 02:48:28,593: Jaccard distance compute end, time cost: 16.722354412078857
2024-07-29 02:48:30,789: Epoch[60]==> Create RGB cluster 685 classes, proxy 1705 kinds
2024-07-29 02:48:41,691: Start computing jaccard distance
2024-07-29 02:48:48,551: Jaccard distance compute end, time cost: 6.860666751861572
2024-07-29 02:48:49,291: Epoch[60]==> Create IR cluster 403 classes, proxy 601 kinds
2024-07-29 02:48:52,121: Epoch[60]==> Update Memory
2024-07-29 02:48:53,333: Epoch[60]==> Start cross modal matching
2024-07-29 02:48:53,387: Epoch[60]==> Creat dataset
2024-07-29 02:48:53,589: 
        ============== Dataset Statistics =============
        -----------------------------------------------
               subset  | # ids | # images
          real visible |   395 |    22258
          real thermal |   395 |    11909
          
          now  visible |   685 |    21959
          now  thermal |   403 |    11892
        -----------------------------------------------
        ===============================================
            
2024-07-29 02:48:53,590: Epoch[60]==> Creat sampler
2024-07-29 02:48:53,651: Epoch[60]==> Creat dataloader
2024-07-29 02:48:53,801: Epoch[60]==> Train stage start
2024-07-29 02:52:41,407: Epoch[60]==> Train end, time cost 227.60426473617554
2024-07-29 02:52:41,487: Epoch [60], save model for record
2024-07-29 02:52:42,448: Epoch[60] Test start
2024-07-29 02:54:27,517: Epoch [60], save better model Rank-1: 66.34% to replace original model Rank-1: 65.87%
2024-07-29 02:54:28,493: Epoch [60] Test end, time cost 106.04505848884583
2024-07-29 02:54:28,542: ######################################################
2024-07-29 02:54:28,543: Epoch[61]==> Create pseudo labels
2024-07-29 02:54:46,712: Start computing jaccard distance
2024-07-29 02:55:02,840: Jaccard distance compute end, time cost: 16.127385139465332
2024-07-29 02:55:04,933: Epoch[61]==> Create RGB cluster 690 classes, proxy 1685 kinds
2024-07-29 02:55:14,587: Start computing jaccard distance
2024-07-29 02:55:21,731: Jaccard distance compute end, time cost: 7.143759250640869
2024-07-29 02:55:22,352: Epoch[61]==> Create IR cluster 405 classes, proxy 604 kinds
2024-07-29 02:55:24,087: Epoch[61]==> Update Memory
2024-07-29 02:55:25,630: Epoch[61]==> Start cross modal matching
2024-07-29 02:55:25,678: Epoch[61]==> Creat dataset
2024-07-29 02:55:25,863: 
        ============== Dataset Statistics =============
        -----------------------------------------------
               subset  | # ids | # images
          real visible |   395 |    22258
          real thermal |   395 |    11909
          
          now  visible |   690 |    21942
          now  thermal |   405 |    11891
        -----------------------------------------------
        ===============================================
            
2024-07-29 02:55:25,864: Epoch[61]==> Creat sampler
2024-07-29 02:55:25,920: Epoch[61]==> Creat dataloader
2024-07-29 02:55:26,071: Epoch[61]==> Train stage start
2024-07-29 02:59:12,538: Epoch[61]==> Train end, time cost 226.4665298461914
2024-07-29 02:59:12,669: ######################################################
2024-07-29 02:59:12,670: Epoch[62]==> Create pseudo labels
2024-07-29 02:59:30,199: Start computing jaccard distance
2024-07-29 02:59:48,071: Jaccard distance compute end, time cost: 17.87157440185547
2024-07-29 02:59:50,399: Epoch[62]==> Create RGB cluster 681 classes, proxy 1679 kinds
2024-07-29 03:00:01,711: Start computing jaccard distance
2024-07-29 03:00:08,923: Jaccard distance compute end, time cost: 7.212053298950195
2024-07-29 03:00:09,547: Epoch[62]==> Create IR cluster 405 classes, proxy 605 kinds
2024-07-29 03:00:11,677: Epoch[62]==> Update Memory
2024-07-29 03:00:12,816: Epoch[62]==> Start cross modal matching
2024-07-29 03:00:12,863: Epoch[62]==> Creat dataset
2024-07-29 03:00:13,102: 
        ============== Dataset Statistics =============
        -----------------------------------------------
               subset  | # ids | # images
          real visible |   395 |    22258
          real thermal |   395 |    11909
          
          now  visible |   681 |    21949
          now  thermal |   405 |    11891
        -----------------------------------------------
        ===============================================
            
2024-07-29 03:00:13,103: Epoch[62]==> Creat sampler
2024-07-29 03:00:13,160: Epoch[62]==> Creat dataloader
2024-07-29 03:00:13,300: Epoch[62]==> Train stage start
2024-07-29 03:04:01,234: Epoch[62]==> Train end, time cost 227.93313193321228
2024-07-29 03:04:01,886: ######################################################
2024-07-29 03:04:01,886: Epoch[63]==> Create pseudo labels
2024-07-29 03:04:20,117: Start computing jaccard distance
2024-07-29 03:04:38,322: Jaccard distance compute end, time cost: 18.20493793487549
2024-07-29 03:04:40,683: Epoch[63]==> Create RGB cluster 684 classes, proxy 1672 kinds
2024-07-29 03:04:51,523: Start computing jaccard distance
2024-07-29 03:04:59,446: Jaccard distance compute end, time cost: 7.922769784927368
2024-07-29 03:05:00,056: Epoch[63]==> Create IR cluster 405 classes, proxy 604 kinds
2024-07-29 03:05:02,637: Epoch[63]==> Update Memory
2024-07-29 03:05:03,818: Epoch[63]==> Start cross modal matching
2024-07-29 03:05:03,873: Epoch[63]==> Creat dataset
2024-07-29 03:05:04,068: 
        ============== Dataset Statistics =============
        -----------------------------------------------
               subset  | # ids | # images
          real visible |   395 |    22258
          real thermal |   395 |    11909
          
          now  visible |   684 |    21979
          now  thermal |   405 |    11892
        -----------------------------------------------
        ===============================================
            
2024-07-29 03:05:04,111: Epoch[63]==> Creat sampler
2024-07-29 03:05:04,171: Epoch[63]==> Creat dataloader
2024-07-29 03:05:04,322: Epoch[63]==> Train stage start
2024-07-29 03:08:53,614: Epoch[63]==> Train end, time cost 229.2815055847168
2024-07-29 03:08:53,699: Epoch[63] Test start
2024-07-29 03:10:36,357: Epoch [63], save better model Rank-1: 66.61% to replace original model Rank-1: 66.34%
2024-07-29 03:10:37,317: Epoch [63] Test end, time cost 103.61840391159058
2024-07-29 03:10:37,375: ######################################################
2024-07-29 03:10:37,375: Epoch[64]==> Create pseudo labels
2024-07-29 03:10:55,521: Start computing jaccard distance
2024-07-29 03:11:12,736: Jaccard distance compute end, time cost: 17.214624166488647
2024-07-29 03:11:15,059: Epoch[64]==> Create RGB cluster 684 classes, proxy 1682 kinds
2024-07-29 03:11:25,211: Start computing jaccard distance
2024-07-29 03:11:32,313: Jaccard distance compute end, time cost: 7.102473020553589
2024-07-29 03:11:32,956: Epoch[64]==> Create IR cluster 405 classes, proxy 604 kinds
2024-07-29 03:11:35,235: Epoch[64]==> Update Memory
2024-07-29 03:11:36,406: Epoch[64]==> Start cross modal matching
2024-07-29 03:11:36,455: Epoch[64]==> Creat dataset
2024-07-29 03:11:36,649: 
        ============== Dataset Statistics =============
        -----------------------------------------------
               subset  | # ids | # images
          real visible |   395 |    22258
          real thermal |   395 |    11909
          
          now  visible |   684 |    21960
          now  thermal |   405 |    11890
        -----------------------------------------------
        ===============================================
            
2024-07-29 03:11:36,650: Epoch[64]==> Creat sampler
2024-07-29 03:11:36,706: Epoch[64]==> Creat dataloader
2024-07-29 03:11:36,847: Epoch[64]==> Train stage start
2024-07-29 03:15:25,297: Epoch[64]==> Train end, time cost 228.44952368736267
2024-07-29 03:15:25,878: ######################################################
2024-07-29 03:15:25,878: Epoch[65]==> Create pseudo labels
2024-07-29 03:15:44,251: Start computing jaccard distance
2024-07-29 03:16:00,224: Jaccard distance compute end, time cost: 15.973199129104614
2024-07-29 03:16:02,734: Epoch[65]==> Create RGB cluster 688 classes, proxy 1691 kinds
2024-07-29 03:16:13,293: Start computing jaccard distance
2024-07-29 03:16:20,900: Jaccard distance compute end, time cost: 7.607515573501587
2024-07-29 03:16:21,615: Epoch[65]==> Create IR cluster 405 classes, proxy 604 kinds
2024-07-29 03:16:23,800: Epoch[65]==> Update Memory
2024-07-29 03:16:25,062: Epoch[65]==> Start cross modal matching
2024-07-29 03:16:25,122: Epoch[65]==> Creat dataset
2024-07-29 03:16:25,338: 
        ============== Dataset Statistics =============
        -----------------------------------------------
               subset  | # ids | # images
          real visible |   395 |    22258
          real thermal |   395 |    11909
          
          now  visible |   688 |    21968
          now  thermal |   405 |    11890
        -----------------------------------------------
        ===============================================
            
2024-07-29 03:16:25,339: Epoch[65]==> Creat sampler
2024-07-29 03:16:25,396: Epoch[65]==> Creat dataloader
2024-07-29 03:16:25,529: Epoch[65]==> Train stage start
2024-07-29 03:20:13,404: Epoch[65]==> Train end, time cost 227.87386679649353
2024-07-29 03:20:13,486: Epoch [65], save model for record
2024-07-29 03:20:14,527: ######################################################
2024-07-29 03:20:14,529: Epoch[66]==> Create pseudo labels
2024-07-29 03:20:33,666: Start computing jaccard distance
2024-07-29 03:20:51,295: Jaccard distance compute end, time cost: 17.62884497642517
2024-07-29 03:20:53,421: Epoch[66]==> Create RGB cluster 681 classes, proxy 1668 kinds
2024-07-29 03:21:04,480: Start computing jaccard distance
2024-07-29 03:21:11,575: Jaccard distance compute end, time cost: 7.094890356063843
2024-07-29 03:21:12,203: Epoch[66]==> Create IR cluster 406 classes, proxy 605 kinds
2024-07-29 03:21:14,270: Epoch[66]==> Update Memory
2024-07-29 03:21:15,461: Epoch[66]==> Start cross modal matching
2024-07-29 03:21:15,509: Epoch[66]==> Creat dataset
2024-07-29 03:21:15,780: 
        ============== Dataset Statistics =============
        -----------------------------------------------
               subset  | # ids | # images
          real visible |   395 |    22258
          real thermal |   395 |    11909
          
          now  visible |   681 |    21978
          now  thermal |   406 |    11890
        -----------------------------------------------
        ===============================================
            
2024-07-29 03:21:15,781: Epoch[66]==> Creat sampler
2024-07-29 03:21:15,865: Epoch[66]==> Creat dataloader
2024-07-29 03:21:16,018: Epoch[66]==> Train stage start
2024-07-29 03:25:06,552: Epoch[66]==> Train end, time cost 230.5326054096222
2024-07-29 03:25:07,099: Epoch[66] Test start
2024-07-29 03:26:52,407: Epoch [66], save better model Rank-1: 66.94% to replace original model Rank-1: 66.61%
2024-07-29 03:26:53,360: Epoch [66] Test end, time cost 106.26101207733154
2024-07-29 03:26:53,407: ######################################################
2024-07-29 03:26:53,408: Epoch[67]==> Create pseudo labels
2024-07-29 03:27:11,248: Start computing jaccard distance
2024-07-29 03:27:27,252: Jaccard distance compute end, time cost: 16.0043203830719
2024-07-29 03:27:29,401: Epoch[67]==> Create RGB cluster 677 classes, proxy 1662 kinds
2024-07-29 03:27:39,454: Start computing jaccard distance
2024-07-29 03:27:46,404: Jaccard distance compute end, time cost: 6.950546979904175
2024-07-29 03:27:47,037: Epoch[67]==> Create IR cluster 405 classes, proxy 604 kinds
2024-07-29 03:27:48,731: Epoch[67]==> Update Memory
2024-07-29 03:27:49,854: Epoch[67]==> Start cross modal matching
2024-07-29 03:27:49,901: Epoch[67]==> Creat dataset
2024-07-29 03:27:50,098: 
        ============== Dataset Statistics =============
        -----------------------------------------------
               subset  | # ids | # images
          real visible |   395 |    22258
          real thermal |   395 |    11909
          
          now  visible |   677 |    21990
          now  thermal |   405 |    11893
        -----------------------------------------------
        ===============================================
            
2024-07-29 03:27:50,100: Epoch[67]==> Creat sampler
2024-07-29 03:27:50,156: Epoch[67]==> Creat dataloader
2024-07-29 03:27:50,302: Epoch[67]==> Train stage start
2024-07-29 03:31:37,559: Epoch[67]==> Train end, time cost 227.25577020645142
2024-07-29 03:31:37,695: ######################################################
2024-07-29 03:31:37,695: Epoch[68]==> Create pseudo labels
2024-07-29 03:31:55,292: Start computing jaccard distance
2024-07-29 03:32:11,438: Jaccard distance compute end, time cost: 16.145944833755493
2024-07-29 03:32:13,976: Epoch[68]==> Create RGB cluster 679 classes, proxy 1680 kinds
2024-07-29 03:32:23,742: Start computing jaccard distance
2024-07-29 03:32:30,737: Jaccard distance compute end, time cost: 6.995167970657349
2024-07-29 03:32:31,381: Epoch[68]==> Create IR cluster 408 classes, proxy 608 kinds
2024-07-29 03:32:34,284: Epoch[68]==> Update Memory
2024-07-29 03:32:35,430: Epoch[68]==> Start cross modal matching
2024-07-29 03:32:35,475: Epoch[68]==> Creat dataset
2024-07-29 03:32:35,669: 
        ============== Dataset Statistics =============
        -----------------------------------------------
               subset  | # ids | # images
          real visible |   395 |    22258
          real thermal |   395 |    11909
          
          now  visible |   679 |    21976
          now  thermal |   408 |    11890
        -----------------------------------------------
        ===============================================
            
2024-07-29 03:32:35,670: Epoch[68]==> Creat sampler
2024-07-29 03:32:35,725: Epoch[68]==> Creat dataloader
2024-07-29 03:32:35,875: Epoch[68]==> Train stage start
2024-07-29 03:36:26,833: Epoch[68]==> Train end, time cost 230.95736932754517
2024-07-29 03:36:26,965: ######################################################
2024-07-29 03:36:26,966: Epoch[69]==> Create pseudo labels
2024-07-29 03:36:46,376: Start computing jaccard distance
2024-07-29 03:37:04,236: Jaccard distance compute end, time cost: 17.859645128250122
2024-07-29 03:37:06,466: Epoch[69]==> Create RGB cluster 678 classes, proxy 1673 kinds
2024-07-29 03:37:17,280: Start computing jaccard distance
2024-07-29 03:37:24,262: Jaccard distance compute end, time cost: 6.9819934368133545
2024-07-29 03:37:24,931: Epoch[69]==> Create IR cluster 405 classes, proxy 604 kinds
2024-07-29 03:37:27,605: Epoch[69]==> Update Memory
2024-07-29 03:37:28,780: Epoch[69]==> Start cross modal matching
2024-07-29 03:37:28,829: Epoch[69]==> Creat dataset
2024-07-29 03:37:29,082: 
        ============== Dataset Statistics =============
        -----------------------------------------------
               subset  | # ids | # images
          real visible |   395 |    22258
          real thermal |   395 |    11909
          
          now  visible |   678 |    21954
          now  thermal |   405 |    11890
        -----------------------------------------------
        ===============================================
            
2024-07-29 03:37:29,083: Epoch[69]==> Creat sampler
2024-07-29 03:37:29,141: Epoch[69]==> Creat dataloader
2024-07-29 03:37:29,289: Epoch[69]==> Train stage start
2024-07-29 03:41:20,429: Epoch[69]==> Train end, time cost 231.13855028152466
2024-07-29 03:41:20,508: Epoch[69] Test start
2024-07-29 03:43:03,636: Epoch [69], save better model Rank-1: 67.64% to replace original model Rank-1: 66.94%
2024-07-29 03:43:04,580: Epoch [69] Test end, time cost 104.07120990753174
2024-07-29 03:43:04,625: ######################################################
2024-07-29 03:43:04,625: Epoch[70]==> Create pseudo labels
2024-07-29 03:43:22,093: Start computing jaccard distance
2024-07-29 03:43:38,689: Jaccard distance compute end, time cost: 16.595486164093018
2024-07-29 03:43:40,945: Epoch[70]==> Create RGB cluster 687 classes, proxy 1683 kinds
2024-07-29 03:43:50,534: Start computing jaccard distance
2024-07-29 03:43:57,536: Jaccard distance compute end, time cost: 7.002084255218506
2024-07-29 03:43:58,173: Epoch[70]==> Create IR cluster 405 classes, proxy 604 kinds
2024-07-29 03:44:00,449: Epoch[70]==> Update Memory
2024-07-29 03:44:01,572: Epoch[70]==> Start cross modal matching
2024-07-29 03:44:01,627: Epoch[70]==> Creat dataset
2024-07-29 03:44:01,921: 
        ============== Dataset Statistics =============
        -----------------------------------------------
               subset  | # ids | # images
          real visible |   395 |    22258
          real thermal |   395 |    11909
          
          now  visible |   687 |    21977
          now  thermal |   405 |    11891
        -----------------------------------------------
        ===============================================
            
2024-07-29 03:44:01,923: Epoch[70]==> Creat sampler
2024-07-29 03:44:01,981: Epoch[70]==> Creat dataloader
2024-07-29 03:44:02,127: Epoch[70]==> Train stage start
2024-07-29 03:47:55,066: Epoch[70]==> Train end, time cost 232.93846535682678
2024-07-29 03:47:55,145: Epoch [70], save model for record
2024-07-29 03:47:56,209: ######################################################
2024-07-29 03:47:56,210: Epoch[71]==> Create pseudo labels
2024-07-29 03:48:14,738: Start computing jaccard distance
2024-07-29 03:48:31,063: Jaccard distance compute end, time cost: 16.325162172317505
2024-07-29 03:48:33,116: Epoch[71]==> Create RGB cluster 670 classes, proxy 1654 kinds
2024-07-29 03:48:44,078: Start computing jaccard distance
2024-07-29 03:48:50,917: Jaccard distance compute end, time cost: 6.838316440582275
2024-07-29 03:48:51,524: Epoch[71]==> Create IR cluster 407 classes, proxy 606 kinds
2024-07-29 03:48:53,508: Epoch[71]==> Update Memory
2024-07-29 03:48:54,749: Epoch[71]==> Start cross modal matching
2024-07-29 03:48:54,800: Epoch[71]==> Creat dataset
2024-07-29 03:48:54,983: 
        ============== Dataset Statistics =============
        -----------------------------------------------
               subset  | # ids | # images
          real visible |   395 |    22258
          real thermal |   395 |    11909
          
          now  visible |   670 |    21972
          now  thermal |   407 |    11896
        -----------------------------------------------
        ===============================================
            
2024-07-29 03:48:54,984: Epoch[71]==> Creat sampler
2024-07-29 03:48:55,041: Epoch[71]==> Creat dataloader
2024-07-29 03:48:55,176: Epoch[71]==> Train stage start
2024-07-29 03:52:48,403: Epoch[71]==> Train end, time cost 233.22559905052185
2024-07-29 03:52:48,984: ######################################################
2024-07-29 03:52:48,984: Epoch[72]==> Create pseudo labels
2024-07-29 03:53:08,189: Start computing jaccard distance
2024-07-29 03:53:24,232: Jaccard distance compute end, time cost: 16.04371976852417
2024-07-29 03:53:26,365: Epoch[72]==> Create RGB cluster 672 classes, proxy 1660 kinds
2024-07-29 03:53:36,337: Start computing jaccard distance
2024-07-29 03:53:43,939: Jaccard distance compute end, time cost: 7.602192163467407
2024-07-29 03:53:44,561: Epoch[72]==> Create IR cluster 406 classes, proxy 605 kinds
2024-07-29 03:53:46,259: Epoch[72]==> Update Memory
2024-07-29 03:53:47,372: Epoch[72]==> Start cross modal matching
2024-07-29 03:53:47,419: Epoch[72]==> Creat dataset
2024-07-29 03:53:47,610: 
        ============== Dataset Statistics =============
        -----------------------------------------------
               subset  | # ids | # images
          real visible |   395 |    22258
          real thermal |   395 |    11909
          
          now  visible |   672 |    21978
          now  thermal |   406 |    11895
        -----------------------------------------------
        ===============================================
            
2024-07-29 03:53:47,611: Epoch[72]==> Creat sampler
2024-07-29 03:53:47,667: Epoch[72]==> Creat dataloader
2024-07-29 03:53:47,813: Epoch[72]==> Train stage start
2024-07-29 03:57:39,680: Epoch[72]==> Train end, time cost 231.86675882339478
2024-07-29 03:57:39,766: Epoch[72] Test start
2024-07-29 03:59:23,236: Epoch [72], save better model Rank-1: 67.84% to replace original model Rank-1: 67.64%
2024-07-29 03:59:24,184: Epoch [72] Test end, time cost 104.41799831390381
2024-07-29 03:59:24,230: ######################################################
2024-07-29 03:59:24,230: Epoch[73]==> Create pseudo labels
2024-07-29 03:59:41,602: Start computing jaccard distance
2024-07-29 03:59:57,664: Jaccard distance compute end, time cost: 16.061643362045288
2024-07-29 03:59:59,816: Epoch[73]==> Create RGB cluster 673 classes, proxy 1668 kinds
2024-07-29 04:00:09,675: Start computing jaccard distance
2024-07-29 04:00:16,795: Jaccard distance compute end, time cost: 7.1200270652771
2024-07-29 04:00:17,448: Epoch[73]==> Create IR cluster 405 classes, proxy 604 kinds
2024-07-29 04:00:19,650: Epoch[73]==> Update Memory
2024-07-29 04:00:20,829: Epoch[73]==> Start cross modal matching
2024-07-29 04:00:20,875: Epoch[73]==> Creat dataset
2024-07-29 04:00:21,110: 
        ============== Dataset Statistics =============
        -----------------------------------------------
               subset  | # ids | # images
          real visible |   395 |    22258
          real thermal |   395 |    11909
          
          now  visible |   673 |    21948
          now  thermal |   405 |    11891
        -----------------------------------------------
        ===============================================
            
2024-07-29 04:00:21,111: Epoch[73]==> Creat sampler
2024-07-29 04:00:21,168: Epoch[73]==> Creat dataloader
2024-07-29 04:00:21,310: Epoch[73]==> Train stage start
2024-07-29 04:04:12,214: Epoch[73]==> Train end, time cost 230.9033944606781
2024-07-29 04:04:12,341: ######################################################
2024-07-29 04:04:12,342: Epoch[74]==> Create pseudo labels
2024-07-29 04:04:30,449: Start computing jaccard distance
2024-07-29 04:04:48,387: Jaccard distance compute end, time cost: 17.938525915145874
2024-07-29 04:04:50,456: Epoch[74]==> Create RGB cluster 659 classes, proxy 1641 kinds
2024-07-29 04:05:00,352: Start computing jaccard distance
2024-07-29 04:05:07,602: Jaccard distance compute end, time cost: 7.250004529953003
2024-07-29 04:05:08,328: Epoch[74]==> Create IR cluster 404 classes, proxy 603 kinds
2024-07-29 04:05:11,255: Epoch[74]==> Update Memory
2024-07-29 04:05:12,461: Epoch[74]==> Start cross modal matching
2024-07-29 04:05:12,505: Epoch[74]==> Creat dataset
2024-07-29 04:05:12,698: 
        ============== Dataset Statistics =============
        -----------------------------------------------
               subset  | # ids | # images
          real visible |   395 |    22258
          real thermal |   395 |    11909
          
          now  visible |   659 |    21982
          now  thermal |   404 |    11896
        -----------------------------------------------
        ===============================================
            
2024-07-29 04:05:12,699: Epoch[74]==> Creat sampler
2024-07-29 04:05:12,760: Epoch[74]==> Creat dataloader
2024-07-29 04:05:12,904: Epoch[74]==> Train stage start
2024-07-29 04:09:04,253: Epoch[74]==> Train end, time cost 231.34877038002014
2024-07-29 04:09:04,381: ######################################################
2024-07-29 04:09:04,382: Epoch[75]==> Create pseudo labels
2024-07-29 04:09:22,567: Start computing jaccard distance
2024-07-29 04:09:38,676: Jaccard distance compute end, time cost: 16.10822820663452
2024-07-29 04:09:40,941: Epoch[75]==> Create RGB cluster 668 classes, proxy 1658 kinds
2024-07-29 04:09:50,982: Start computing jaccard distance
2024-07-29 04:09:57,883: Jaccard distance compute end, time cost: 6.901083707809448
2024-07-29 04:09:58,496: Epoch[75]==> Create IR cluster 405 classes, proxy 604 kinds
2024-07-29 04:10:01,024: Epoch[75]==> Update Memory
2024-07-29 04:10:02,234: Epoch[75]==> Start cross modal matching
2024-07-29 04:10:02,281: Epoch[75]==> Creat dataset
2024-07-29 04:10:02,516: 
        ============== Dataset Statistics =============
        -----------------------------------------------
               subset  | # ids | # images
          real visible |   395 |    22258
          real thermal |   395 |    11909
          
          now  visible |   668 |    21965
          now  thermal |   405 |    11896
        -----------------------------------------------
        ===============================================
            
2024-07-29 04:10:02,517: Epoch[75]==> Creat sampler
2024-07-29 04:10:02,577: Epoch[75]==> Creat dataloader
2024-07-29 04:10:02,731: Epoch[75]==> Train stage start
2024-07-29 04:13:54,349: Epoch[75]==> Train end, time cost 231.6066870689392
2024-07-29 04:13:54,430: Epoch [75], save model for record
2024-07-29 04:13:55,370: Epoch[75] Test start
2024-07-29 04:15:37,540: Epoch [75], save better model Rank-1: 68.21% to replace original model Rank-1: 67.84%
2024-07-29 04:15:38,684: Epoch [75] Test end, time cost 103.31433391571045
2024-07-29 04:15:38,730: ######################################################
2024-07-29 04:15:38,731: Epoch[76]==> Create pseudo labels
2024-07-29 04:15:56,179: Start computing jaccard distance
2024-07-29 04:16:14,394: Jaccard distance compute end, time cost: 18.21447491645813
2024-07-29 04:16:16,439: Epoch[76]==> Create RGB cluster 667 classes, proxy 1647 kinds
2024-07-29 04:16:26,246: Start computing jaccard distance
2024-07-29 04:16:33,292: Jaccard distance compute end, time cost: 7.045825719833374
2024-07-29 04:16:33,947: Epoch[76]==> Create IR cluster 406 classes, proxy 606 kinds
2024-07-29 04:16:35,705: Epoch[76]==> Update Memory
2024-07-29 04:16:37,303: Epoch[76]==> Start cross modal matching
2024-07-29 04:16:37,349: Epoch[76]==> Creat dataset
2024-07-29 04:16:37,651: 
        ============== Dataset Statistics =============
        -----------------------------------------------
               subset  | # ids | # images
          real visible |   395 |    22258
          real thermal |   395 |    11909
          
          now  visible |   667 |    21957
          now  thermal |   406 |    11894
        -----------------------------------------------
        ===============================================
            
2024-07-29 04:16:37,652: Epoch[76]==> Creat sampler
2024-07-29 04:16:37,738: Epoch[76]==> Creat dataloader
2024-07-29 04:16:37,921: Epoch[76]==> Train stage start
2024-07-29 04:20:31,366: Epoch[76]==> Train end, time cost 233.4335708618164
2024-07-29 04:20:31,494: ######################################################
2024-07-29 04:20:31,495: Epoch[77]==> Create pseudo labels
2024-07-29 04:20:49,715: Start computing jaccard distance
2024-07-29 04:21:06,391: Jaccard distance compute end, time cost: 16.676871299743652
2024-07-29 04:21:08,748: Epoch[77]==> Create RGB cluster 669 classes, proxy 1660 kinds
2024-07-29 04:21:18,544: Start computing jaccard distance
2024-07-29 04:21:25,574: Jaccard distance compute end, time cost: 7.030141353607178
2024-07-29 04:21:26,199: Epoch[77]==> Create IR cluster 406 classes, proxy 606 kinds
2024-07-29 04:21:28,819: Epoch[77]==> Update Memory
2024-07-29 04:21:29,993: Epoch[77]==> Start cross modal matching
2024-07-29 04:21:30,037: Epoch[77]==> Creat dataset
2024-07-29 04:21:30,258: 
        ============== Dataset Statistics =============
        -----------------------------------------------
               subset  | # ids | # images
          real visible |   395 |    22258
          real thermal |   395 |    11909
          
          now  visible |   669 |    21968
          now  thermal |   406 |    11895
        -----------------------------------------------
        ===============================================
            
2024-07-29 04:21:30,259: Epoch[77]==> Creat sampler
2024-07-29 04:21:30,319: Epoch[77]==> Creat dataloader
2024-07-29 04:21:30,474: Epoch[77]==> Train stage start
2024-07-29 04:25:23,801: Epoch[77]==> Train end, time cost 233.30865240097046
2024-07-29 04:25:24,383: ######################################################
2024-07-29 04:25:24,384: Epoch[78]==> Create pseudo labels
2024-07-29 04:25:42,122: Start computing jaccard distance
2024-07-29 04:25:58,516: Jaccard distance compute end, time cost: 16.393474817276
2024-07-29 04:26:00,574: Epoch[78]==> Create RGB cluster 664 classes, proxy 1653 kinds
2024-07-29 04:26:10,341: Start computing jaccard distance
2024-07-29 04:26:17,334: Jaccard distance compute end, time cost: 6.993322134017944
2024-07-29 04:26:17,909: Epoch[78]==> Create IR cluster 406 classes, proxy 606 kinds
2024-07-29 04:26:20,704: Epoch[78]==> Update Memory
2024-07-29 04:26:22,185: Epoch[78]==> Start cross modal matching
2024-07-29 04:26:22,236: Epoch[78]==> Creat dataset
2024-07-29 04:26:22,433: 
        ============== Dataset Statistics =============
        -----------------------------------------------
               subset  | # ids | # images
          real visible |   395 |    22258
          real thermal |   395 |    11909
          
          now  visible |   664 |    21953
          now  thermal |   406 |    11894
        -----------------------------------------------
        ===============================================
            
2024-07-29 04:26:22,434: Epoch[78]==> Creat sampler
2024-07-29 04:26:22,493: Epoch[78]==> Creat dataloader
2024-07-29 04:26:22,650: Epoch[78]==> Train stage start
2024-07-29 04:30:13,978: Epoch[78]==> Train end, time cost 231.32767963409424
2024-07-29 04:30:14,066: Epoch[78] Test start
2024-07-29 04:31:54,692: Epoch [78], save better model Rank-1: 68.33% to replace original model Rank-1: 68.21%
2024-07-29 04:31:55,702: Epoch [78] Test end, time cost 101.63653373718262
2024-07-29 04:31:55,749: ######################################################
2024-07-29 04:31:55,750: Epoch[79]==> Create pseudo labels
2024-07-29 04:32:13,323: Start computing jaccard distance
2024-07-29 04:32:29,516: Jaccard distance compute end, time cost: 16.192500591278076
2024-07-29 04:32:31,590: Epoch[79]==> Create RGB cluster 662 classes, proxy 1650 kinds
2024-07-29 04:32:41,375: Start computing jaccard distance
2024-07-29 04:32:48,407: Jaccard distance compute end, time cost: 7.031707763671875
2024-07-29 04:32:49,022: Epoch[79]==> Create IR cluster 405 classes, proxy 604 kinds
2024-07-29 04:32:51,337: Epoch[79]==> Update Memory
2024-07-29 04:32:52,763: Epoch[79]==> Start cross modal matching
2024-07-29 04:32:52,808: Epoch[79]==> Creat dataset
2024-07-29 04:32:53,003: 
        ============== Dataset Statistics =============
        -----------------------------------------------
               subset  | # ids | # images
          real visible |   395 |    22258
          real thermal |   395 |    11909
          
          now  visible |   662 |    21946
          now  thermal |   405 |    11893
        -----------------------------------------------
        ===============================================
            
2024-07-29 04:32:53,004: Epoch[79]==> Creat sampler
2024-07-29 04:32:53,067: Epoch[79]==> Creat dataloader
2024-07-29 04:32:53,217: Epoch[79]==> Train stage start
2024-07-29 04:36:43,850: Epoch[79]==> Train end, time cost 230.63249444961548
2024-07-29 04:36:44,445: ######################################################
2024-07-29 04:36:44,446: Epoch[80]==> Create pseudo labels
2024-07-29 04:37:02,223: Start computing jaccard distance
2024-07-29 04:37:18,436: Jaccard distance compute end, time cost: 16.212729454040527
2024-07-29 04:37:20,607: Epoch[80]==> Create RGB cluster 668 classes, proxy 1663 kinds
2024-07-29 04:37:30,640: Start computing jaccard distance
2024-07-29 04:37:37,721: Jaccard distance compute end, time cost: 7.080557107925415
2024-07-29 04:37:38,394: Epoch[80]==> Create IR cluster 407 classes, proxy 607 kinds
2024-07-29 04:37:40,782: Epoch[80]==> Update Memory
2024-07-29 04:37:41,965: Epoch[80]==> Start cross modal matching
2024-07-29 04:37:42,012: Epoch[80]==> Creat dataset
2024-07-29 04:37:42,315: 
        ============== Dataset Statistics =============
        -----------------------------------------------
               subset  | # ids | # images
          real visible |   395 |    22258
          real thermal |   395 |    11909
          
          now  visible |   668 |    21981
          now  thermal |   407 |    11895
        -----------------------------------------------
        ===============================================
            
2024-07-29 04:37:42,316: Epoch[80]==> Creat sampler
2024-07-29 04:37:42,379: Epoch[80]==> Creat dataloader
2024-07-29 04:37:42,521: Epoch[80]==> Train stage start
2024-07-29 04:41:35,389: Epoch[80]==> Train end, time cost 232.8675446510315
2024-07-29 04:41:35,472: Epoch [80], save model for record
2024-07-29 04:41:36,446: ######################################################
2024-07-29 04:41:36,447: Epoch[81]==> Create pseudo labels
2024-07-29 04:41:54,458: Start computing jaccard distance
2024-07-29 04:42:11,353: Jaccard distance compute end, time cost: 16.894858598709106
2024-07-29 04:42:13,398: Epoch[81]==> Create RGB cluster 664 classes, proxy 1647 kinds
2024-07-29 04:42:23,297: Start computing jaccard distance
2024-07-29 04:42:30,304: Jaccard distance compute end, time cost: 7.00733494758606
2024-07-29 04:42:30,916: Epoch[81]==> Create IR cluster 408 classes, proxy 609 kinds
2024-07-29 04:42:33,725: Epoch[81]==> Update Memory
2024-07-29 04:42:34,918: Epoch[81]==> Start cross modal matching
2024-07-29 04:42:34,968: Epoch[81]==> Creat dataset
2024-07-29 04:42:35,218: 
        ============== Dataset Statistics =============
        -----------------------------------------------
               subset  | # ids | # images
          real visible |   395 |    22258
          real thermal |   395 |    11909
          
          now  visible |   664 |    21982
          now  thermal |   408 |    11892
        -----------------------------------------------
        ===============================================
            
2024-07-29 04:42:35,219: Epoch[81]==> Creat sampler
2024-07-29 04:42:35,281: Epoch[81]==> Creat dataloader
2024-07-29 04:42:35,427: Epoch[81]==> Train stage start
2024-07-29 04:46:27,310: Epoch[81]==> Train end, time cost 231.88213801383972
2024-07-29 04:46:27,390: Epoch[81] Test start
2024-07-29 04:48:11,783: Epoch [81], save better model Rank-1: 68.56% to replace original model Rank-1: 68.33%
2024-07-29 04:48:12,858: Epoch [81] Test end, time cost 105.46882224082947
2024-07-29 04:48:12,917: ######################################################
2024-07-29 04:48:12,918: Epoch[82]==> Create pseudo labels
2024-07-29 04:48:30,483: Start computing jaccard distance
2024-07-29 04:48:46,690: Jaccard distance compute end, time cost: 16.206711769104004
2024-07-29 04:48:48,609: Epoch[82]==> Create RGB cluster 659 classes, proxy 1635 kinds
2024-07-29 04:48:58,353: Start computing jaccard distance
2024-07-29 04:49:05,575: Jaccard distance compute end, time cost: 7.221894264221191
2024-07-29 04:49:06,246: Epoch[82]==> Create IR cluster 405 classes, proxy 605 kinds
2024-07-29 04:49:07,911: Epoch[82]==> Update Memory
2024-07-29 04:49:09,183: Epoch[82]==> Start cross modal matching
2024-07-29 04:49:09,237: Epoch[82]==> Creat dataset
2024-07-29 04:49:09,511: 
        ============== Dataset Statistics =============
        -----------------------------------------------
               subset  | # ids | # images
          real visible |   395 |    22258
          real thermal |   395 |    11909
          
          now  visible |   659 |    21978
          now  thermal |   405 |    11895
        -----------------------------------------------
        ===============================================
            
2024-07-29 04:49:09,513: Epoch[82]==> Creat sampler
2024-07-29 04:49:09,580: Epoch[82]==> Creat dataloader
2024-07-29 04:49:09,727: Epoch[82]==> Train stage start
2024-07-29 04:53:00,515: Epoch[82]==> Train end, time cost 230.78714871406555
2024-07-29 04:53:00,645: ######################################################
2024-07-29 04:53:00,646: Epoch[83]==> Create pseudo labels
2024-07-29 04:53:18,517: Start computing jaccard distance
2024-07-29 04:53:34,997: Jaccard distance compute end, time cost: 16.480093240737915
2024-07-29 04:53:37,571: Epoch[83]==> Create RGB cluster 653 classes, proxy 1612 kinds
2024-07-29 04:53:47,467: Start computing jaccard distance
2024-07-29 04:53:54,407: Jaccard distance compute end, time cost: 6.9401326179504395
2024-07-29 04:53:55,046: Epoch[83]==> Create IR cluster 408 classes, proxy 609 kinds
2024-07-29 04:53:57,833: Epoch[83]==> Update Memory
2024-07-29 04:53:59,276: Epoch[83]==> Start cross modal matching
2024-07-29 04:53:59,322: Epoch[83]==> Creat dataset
2024-07-29 04:53:59,529: 
        ============== Dataset Statistics =============
        -----------------------------------------------
               subset  | # ids | # images
          real visible |   395 |    22258
          real thermal |   395 |    11909
          
          now  visible |   653 |    21967
          now  thermal |   408 |    11895
        -----------------------------------------------
        ===============================================
            
2024-07-29 04:53:59,530: Epoch[83]==> Creat sampler
2024-07-29 04:53:59,595: Epoch[83]==> Creat dataloader
2024-07-29 04:53:59,752: Epoch[83]==> Train stage start
2024-07-29 04:57:52,529: Epoch[83]==> Train end, time cost 232.77563381195068
2024-07-29 04:57:53,121: ######################################################
2024-07-29 04:57:53,122: Epoch[84]==> Create pseudo labels
2024-07-29 04:58:11,484: Start computing jaccard distance
2024-07-29 04:58:27,492: Jaccard distance compute end, time cost: 16.007452487945557
2024-07-29 04:58:29,411: Epoch[84]==> Create RGB cluster 664 classes, proxy 1642 kinds
2024-07-29 04:58:39,263: Start computing jaccard distance
2024-07-29 04:58:46,478: Jaccard distance compute end, time cost: 7.215450763702393
2024-07-29 04:58:47,069: Epoch[84]==> Create IR cluster 407 classes, proxy 607 kinds
2024-07-29 04:58:48,868: Epoch[84]==> Update Memory
2024-07-29 04:58:49,990: Epoch[84]==> Start cross modal matching
2024-07-29 04:58:50,038: Epoch[84]==> Creat dataset
2024-07-29 04:58:50,274: 
        ============== Dataset Statistics =============
        -----------------------------------------------
               subset  | # ids | # images
          real visible |   395 |    22258
          real thermal |   395 |    11909
          
          now  visible |   664 |    21958
          now  thermal |   407 |    11894
        -----------------------------------------------
        ===============================================
            
2024-07-29 04:58:50,275: Epoch[84]==> Creat sampler
2024-07-29 04:58:50,331: Epoch[84]==> Creat dataloader
2024-07-29 04:58:50,483: Epoch[84]==> Train stage start
2024-07-29 05:02:42,313: Epoch[84]==> Train end, time cost 231.81013751029968
2024-07-29 05:02:42,395: Epoch[84] Test start
2024-07-29 05:04:26,250: Epoch [84], save better model Rank-1: 68.78% to replace original model Rank-1: 68.56%
2024-07-29 05:04:27,221: Epoch [84] Test end, time cost 104.82565212249756
2024-07-29 05:04:27,265: ######################################################
2024-07-29 05:04:27,266: Epoch[85]==> Create pseudo labels
2024-07-29 05:04:44,804: Start computing jaccard distance
2024-07-29 05:05:00,228: Jaccard distance compute end, time cost: 15.424213171005249
2024-07-29 05:05:02,383: Epoch[85]==> Create RGB cluster 656 classes, proxy 1641 kinds
2024-07-29 05:05:12,481: Start computing jaccard distance
2024-07-29 05:05:19,318: Jaccard distance compute end, time cost: 6.836961030960083
2024-07-29 05:05:19,949: Epoch[85]==> Create IR cluster 403 classes, proxy 603 kinds
2024-07-29 05:05:22,277: Epoch[85]==> Update Memory
2024-07-29 05:05:23,431: Epoch[85]==> Start cross modal matching
2024-07-29 05:05:23,473: Epoch[85]==> Creat dataset
2024-07-29 05:05:23,784: 
        ============== Dataset Statistics =============
        -----------------------------------------------
               subset  | # ids | # images
          real visible |   395 |    22258
          real thermal |   395 |    11909
          
          now  visible |   656 |    21976
          now  thermal |   403 |    11895
        -----------------------------------------------
        ===============================================
            
2024-07-29 05:05:23,784: Epoch[85]==> Creat sampler
2024-07-29 05:05:23,842: Epoch[85]==> Creat dataloader
2024-07-29 05:05:24,006: Epoch[85]==> Train stage start
2024-07-29 05:09:14,828: Epoch[85]==> Train end, time cost 230.8198757171631
2024-07-29 05:09:14,915: Epoch [85], save model for record
2024-07-29 05:09:15,916: ######################################################
2024-07-29 05:09:15,917: Epoch[86]==> Create pseudo labels
2024-07-29 05:09:33,694: Start computing jaccard distance
2024-07-29 05:09:49,269: Jaccard distance compute end, time cost: 15.575278997421265
2024-07-29 05:09:51,489: Epoch[86]==> Create RGB cluster 668 classes, proxy 1662 kinds
2024-07-29 05:10:01,355: Start computing jaccard distance
2024-07-29 05:10:08,557: Jaccard distance compute end, time cost: 7.201663970947266
2024-07-29 05:10:09,139: Epoch[86]==> Create IR cluster 403 classes, proxy 602 kinds
2024-07-29 05:10:12,083: Epoch[86]==> Update Memory
2024-07-29 05:10:13,302: Epoch[86]==> Start cross modal matching
2024-07-29 05:10:13,358: Epoch[86]==> Creat dataset
2024-07-29 05:10:13,563: 
        ============== Dataset Statistics =============
        -----------------------------------------------
               subset  | # ids | # images
          real visible |   395 |    22258
          real thermal |   395 |    11909
          
          now  visible |   668 |    21966
          now  thermal |   403 |    11895
        -----------------------------------------------
        ===============================================
            
2024-07-29 05:10:13,564: Epoch[86]==> Creat sampler
2024-07-29 05:10:13,623: Epoch[86]==> Creat dataloader
2024-07-29 05:10:13,772: Epoch[86]==> Train stage start
2024-07-29 05:14:06,187: Epoch[86]==> Train end, time cost 232.4143350124359
2024-07-29 05:14:06,322: ######################################################
2024-07-29 05:14:06,323: Epoch[87]==> Create pseudo labels
2024-07-29 05:14:23,980: Start computing jaccard distance
2024-07-29 05:14:41,039: Jaccard distance compute end, time cost: 17.058695316314697
2024-07-29 05:14:43,196: Epoch[87]==> Create RGB cluster 670 classes, proxy 1664 kinds
2024-07-29 05:14:53,001: Start computing jaccard distance
2024-07-29 05:15:00,044: Jaccard distance compute end, time cost: 7.042985439300537
2024-07-29 05:15:00,678: Epoch[87]==> Create IR cluster 405 classes, proxy 606 kinds
2024-07-29 05:15:04,066: Epoch[87]==> Update Memory
2024-07-29 05:15:05,215: Epoch[87]==> Start cross modal matching
2024-07-29 05:15:05,264: Epoch[87]==> Creat dataset
2024-07-29 05:15:05,456: 
        ============== Dataset Statistics =============
        -----------------------------------------------
               subset  | # ids | # images
          real visible |   395 |    22258
          real thermal |   395 |    11909
          
          now  visible |   670 |    21972
          now  thermal |   405 |    11896
        -----------------------------------------------
        ===============================================
            
2024-07-29 05:15:05,457: Epoch[87]==> Creat sampler
2024-07-29 05:15:05,515: Epoch[87]==> Creat dataloader
2024-07-29 05:15:05,651: Epoch[87]==> Train stage start
2024-07-29 05:18:57,127: Epoch[87]==> Train end, time cost 231.47469782829285
2024-07-29 05:18:57,663: Epoch[87] Test start
2024-07-29 05:20:41,647: Epoch [87] Test end, time cost 103.98338651657104
2024-07-29 05:20:41,695: ######################################################
2024-07-29 05:20:41,695: Epoch[88]==> Create pseudo labels
2024-07-29 05:20:59,215: Start computing jaccard distance
2024-07-29 05:21:14,681: Jaccard distance compute end, time cost: 15.465553760528564
2024-07-29 05:21:17,114: Epoch[88]==> Create RGB cluster 673 classes, proxy 1659 kinds
2024-07-29 05:21:27,293: Start computing jaccard distance
2024-07-29 05:21:34,270: Jaccard distance compute end, time cost: 6.9769885540008545
2024-07-29 05:21:34,870: Epoch[88]==> Create IR cluster 404 classes, proxy 604 kinds
2024-07-29 05:21:37,386: Epoch[88]==> Update Memory
2024-07-29 05:21:38,597: Epoch[88]==> Start cross modal matching
2024-07-29 05:21:38,652: Epoch[88]==> Creat dataset
2024-07-29 05:21:38,837: 
        ============== Dataset Statistics =============
        -----------------------------------------------
               subset  | # ids | # images
          real visible |   395 |    22258
          real thermal |   395 |    11909
          
          now  visible |   673 |    21971
          now  thermal |   404 |    11893
        -----------------------------------------------
        ===============================================
            
2024-07-29 05:21:38,839: Epoch[88]==> Creat sampler
2024-07-29 05:21:38,896: Epoch[88]==> Creat dataloader
2024-07-29 05:21:39,049: Epoch[88]==> Train stage start
2024-07-29 05:25:28,135: Epoch[88]==> Train end, time cost 229.08451962471008
2024-07-29 05:25:28,264: ######################################################
2024-07-29 05:25:28,265: Epoch[89]==> Create pseudo labels
2024-07-29 05:25:45,810: Start computing jaccard distance
2024-07-29 05:26:02,768: Jaccard distance compute end, time cost: 16.958301305770874
2024-07-29 05:26:04,928: Epoch[89]==> Create RGB cluster 662 classes, proxy 1642 kinds
2024-07-29 05:26:14,639: Start computing jaccard distance
2024-07-29 05:26:21,532: Jaccard distance compute end, time cost: 6.892764329910278
2024-07-29 05:26:22,123: Epoch[89]==> Create IR cluster 407 classes, proxy 608 kinds
2024-07-29 05:26:24,910: Epoch[89]==> Update Memory
2024-07-29 05:26:26,159: Epoch[89]==> Start cross modal matching
2024-07-29 05:26:26,209: Epoch[89]==> Creat dataset
2024-07-29 05:26:26,464: 
        ============== Dataset Statistics =============
        -----------------------------------------------
               subset  | # ids | # images
          real visible |   395 |    22258
          real thermal |   395 |    11909
          
          now  visible |   662 |    21976
          now  thermal |   407 |    11895
        -----------------------------------------------
        ===============================================
            
2024-07-29 05:26:26,465: Epoch[89]==> Creat sampler
2024-07-29 05:26:26,523: Epoch[89]==> Creat dataloader
2024-07-29 05:26:26,670: Epoch[89]==> Train stage start
2024-07-29 05:30:18,599: Epoch[89]==> Train end, time cost 231.92755913734436
2024-07-29 05:30:18,722: ######################################################
2024-07-29 05:30:18,723: Epoch[90]==> Create pseudo labels
2024-07-29 05:30:36,679: Start computing jaccard distance
2024-07-29 05:30:53,182: Jaccard distance compute end, time cost: 16.503342390060425
2024-07-29 05:30:55,105: Epoch[90]==> Create RGB cluster 673 classes, proxy 1666 kinds
2024-07-29 05:31:04,918: Start computing jaccard distance
2024-07-29 05:31:11,945: Jaccard distance compute end, time cost: 7.027011394500732
2024-07-29 05:31:12,530: Epoch[90]==> Create IR cluster 406 classes, proxy 607 kinds
2024-07-29 05:31:14,513: Epoch[90]==> Update Memory
2024-07-29 05:31:15,719: Epoch[90]==> Start cross modal matching
2024-07-29 05:31:15,766: Epoch[90]==> Creat dataset
2024-07-29 05:31:15,969: 
        ============== Dataset Statistics =============
        -----------------------------------------------
               subset  | # ids | # images
          real visible |   395 |    22258
          real thermal |   395 |    11909
          
          now  visible |   673 |    21975
          now  thermal |   406 |    11895
        -----------------------------------------------
        ===============================================
            
2024-07-29 05:31:15,970: Epoch[90]==> Creat sampler
2024-07-29 05:31:16,029: Epoch[90]==> Creat dataloader
2024-07-29 05:31:16,187: Epoch[90]==> Train stage start
2024-07-29 05:35:08,072: Epoch[90]==> Train end, time cost 231.86955404281616
2024-07-29 05:35:08,157: Epoch [90], save model for record
2024-07-29 05:35:09,096: Epoch[90] Test start
2024-07-29 05:36:51,213: Epoch [90] Test end, time cost 102.11705470085144
2024-07-29 05:36:51,214: stage2 running time: 13065.587024873996
